2019-05-27 19:30:04,172 INFO  main                             - Welcome! Loading SOFA RPC Framework : 5.5.3_20190505154137, PID is:12435
2019-05-27 19:30:04,202 INFO  main                             - Install Module: fault-tolerance
2019-05-27 19:30:04,215 INFO  main                             - Install Module: sofaTracer-resteasy
2019-05-27 19:30:04,259 INFO  main                             - The module lookout does not need to be loaded.
2019-05-27 19:30:04,259 INFO  main                             - Install Module: sofaTracer
2019-05-27 19:30:04,271 INFO  main                             - Export provider config : io.sofastack.service.facade.HelloService::bolt with bean id rpc-cfg-0
2019-05-27 19:30:04,649 INFO  main                             - service published.  interfaceId[io.sofastack.service.facade.HelloService]; protocol[bolt]
2019-05-27 19:32:00,951 WARN  SOFA-RPC-ShutdownHook            - SOFA RPC Framework catch JVM shutdown event, Run shutdown hook now.
2019-05-27 19:32:00,952 INFO  Thread-13                        - Unexport provider config : io.sofastack.service.facade.HelloService::bolt with bean id rpc-cfg-0
2019-05-27 19:32:00,956 INFO  SOFA-RPC-ShutdownHook            - Uninstall Module: fault-tolerance
2019-05-27 19:32:00,956 INFO  SOFA-RPC-ShutdownHook            - Uninstall Module: sofaTracer-resteasy
2019-05-27 19:32:00,956 INFO  SOFA-RPC-ShutdownHook            - Uninstall Module: sofaTracer
2019-05-27 19:32:00,956 WARN  SOFA-RPC-ShutdownHook            - SOFA RPC Framework has been release all resources ...
2019-05-27 19:32:06,372 INFO  main                             - Welcome! Loading SOFA RPC Framework : 5.5.3_20190505154137, PID is:12479
2019-05-27 19:32:06,383 INFO  main                             - Install Module: fault-tolerance
2019-05-27 19:32:06,395 INFO  main                             - Install Module: sofaTracer-resteasy
2019-05-27 19:32:06,432 INFO  main                             - The module lookout does not need to be loaded.
2019-05-27 19:32:06,432 INFO  main                             - Install Module: sofaTracer
2019-05-27 19:32:06,443 INFO  main                             - Export provider config : io.sofastack.service.facade.HelloService::bolt with bean id rpc-cfg-0
2019-05-27 19:32:06,780 INFO  main                             - service published.  interfaceId[io.sofastack.service.facade.HelloService]; protocol[bolt]
2019-05-27 19:35:32,448 INFO  main                             - Welcome! Loading SOFA RPC Framework : 5.5.3_20190505154137, PID is:12547
2019-05-27 19:35:32,461 INFO  main                             - Install Module: fault-tolerance
2019-05-27 19:35:32,472 INFO  main                             - Install Module: sofaTracer-resteasy
2019-05-27 19:35:32,511 INFO  main                             - The module lookout does not need to be loaded.
2019-05-27 19:35:32,511 INFO  main                             - Install Module: sofaTracer
2019-05-27 19:35:32,539 INFO  main                             - Refer consumer config : bolt://io.sofastack.service.facade.HelloService: with bean id rpc-cfg-0
2019-05-27 19:37:44,642 WARN  SOFA-RPC-ShutdownHook            - SOFA RPC Framework catch JVM shutdown event, Run shutdown hook now.
2019-05-27 19:37:44,645 INFO  SOFA-RPC-ShutdownHook            - UnRefer consumer config : bolt://io.sofastack.service.facade.HelloService: with bean id rpc-cfg-0
2019-05-27 19:37:44,649 INFO  SOFA-RPC-ShutdownHook            - Uninstall Module: fault-tolerance
2019-05-27 19:37:44,649 INFO  SOFA-RPC-ShutdownHook            - Uninstall Module: sofaTracer-resteasy
2019-05-27 19:37:44,649 INFO  SOFA-RPC-ShutdownHook            - Uninstall Module: sofaTracer
2019-05-27 19:37:44,650 WARN  SOFA-RPC-ShutdownHook            - SOFA RPC Framework has been release all resources ...
2019-05-27 19:37:51,037 INFO  main                             - Welcome! Loading SOFA RPC Framework : 5.5.3_20190505154137, PID is:12637
2019-05-27 19:37:51,050 INFO  main                             - Install Module: fault-tolerance
2019-05-27 19:37:51,066 INFO  main                             - Install Module: sofaTracer-resteasy
2019-05-27 19:37:51,111 INFO  main                             - The module lookout does not need to be loaded.
2019-05-27 19:37:51,111 INFO  main                             - Install Module: sofaTracer
2019-05-27 19:37:51,160 INFO  main                             - Refer consumer config : bolt://io.sofastack.service.facade.HelloService: with bean id rpc-cfg-0
2019-05-27 19:40:21,889 WARN  SOFA-RPC-ShutdownHook            - SOFA RPC Framework catch JVM shutdown event, Run shutdown hook now.
2019-05-27 19:40:21,890 INFO  SOFA-RPC-ShutdownHook            - UnRefer consumer config : bolt://io.sofastack.service.facade.HelloService: with bean id rpc-cfg-0
2019-05-27 19:40:21,894 INFO  SOFA-RPC-ShutdownHook            - Uninstall Module: fault-tolerance
2019-05-27 19:40:21,894 INFO  SOFA-RPC-ShutdownHook            - Uninstall Module: sofaTracer-resteasy
2019-05-27 19:40:21,894 INFO  SOFA-RPC-ShutdownHook            - Uninstall Module: sofaTracer
2019-05-27 19:40:21,894 WARN  SOFA-RPC-ShutdownHook            - SOFA RPC Framework has been release all resources ...
2019-05-27 19:40:36,683 INFO  main                             - Welcome! Loading SOFA RPC Framework : 5.5.3_20190505154137, PID is:12697
2019-05-27 19:40:36,695 INFO  main                             - Install Module: fault-tolerance
2019-05-27 19:40:36,706 INFO  main                             - Install Module: sofaTracer-resteasy
2019-05-27 19:40:36,739 INFO  main                             - The module lookout does not need to be loaded.
2019-05-27 19:40:36,739 INFO  main                             - Install Module: sofaTracer
2019-05-27 19:40:36,767 INFO  main                             - Refer consumer config : bolt://io.sofastack.service.facade.HelloService: with bean id rpc-cfg-0
2019-05-27 19:41:23,189 INFO  http-nio-8084-exec-1             - Load tracer impl success: sofaTracer, com.alipay.sofa.rpc.tracer.sofatracer.RpcSofaTracer@61581fb0
2019-05-27 19:42:09,121 WARN  SOFA-RPC-ShutdownHook            - SOFA RPC Framework catch JVM shutdown event, Run shutdown hook now.
2019-05-27 19:42:09,123 INFO  Thread-11                        - Unexport provider config : io.sofastack.service.facade.HelloService::bolt with bean id rpc-cfg-0
2019-05-27 19:42:09,127 INFO  SOFA-RPC-ShutdownHook            - Uninstall Module: fault-tolerance
2019-05-27 19:42:09,128 INFO  SOFA-RPC-ShutdownHook            - Uninstall Module: sofaTracer-resteasy
2019-05-27 19:42:09,128 INFO  SOFA-RPC-ShutdownHook            - Uninstall Module: sofaTracer
2019-05-27 19:42:09,128 WARN  SOFA-RPC-ShutdownHook            - SOFA RPC Framework has been release all resources ...
2019-05-27 19:42:12,899 INFO  main                             - Welcome! Loading SOFA RPC Framework : 5.5.3_20190505154137, PID is:12730
2019-05-27 19:42:12,910 INFO  main                             - Install Module: fault-tolerance
2019-05-27 19:42:12,920 INFO  main                             - Install Module: sofaTracer-resteasy
2019-05-27 19:42:12,952 INFO  main                             - The module lookout does not need to be loaded.
2019-05-27 19:42:12,952 INFO  main                             - Install Module: sofaTracer
2019-05-27 19:42:12,961 INFO  main                             - Export provider config : io.sofastack.service.facade.HelloService::bolt with bean id rpc-cfg-0
2019-05-27 19:42:13,259 INFO  main                             - service published.  interfaceId[io.sofastack.service.facade.HelloService]; protocol[bolt]
2019-05-27 19:43:50,861 WARN  SOFA-RPC-ShutdownHook            - SOFA RPC Framework catch JVM shutdown event, Run shutdown hook now.
2019-05-27 19:43:50,862 INFO  SOFA-RPC-ShutdownHook            - UnRefer consumer config : bolt://io.sofastack.service.facade.HelloService: with bean id rpc-cfg-0
2019-05-27 19:43:50,864 INFO  SOFA-RPC-ShutdownHook            - Uninstall Module: fault-tolerance
2019-05-27 19:43:50,865 INFO  SOFA-RPC-ShutdownHook            - Uninstall Module: sofaTracer-resteasy
2019-05-27 19:43:50,865 INFO  SOFA-RPC-ShutdownHook            - Uninstall Module: sofaTracer
2019-05-27 19:43:50,865 WARN  SOFA-RPC-ShutdownHook            - SOFA RPC Framework has been release all resources ...
2019-05-27 19:43:55,434 INFO  main                             - Welcome! Loading SOFA RPC Framework : 5.5.3_20190505154137, PID is:12764
2019-05-27 19:43:55,446 INFO  main                             - Install Module: fault-tolerance
2019-05-27 19:43:55,456 INFO  main                             - Install Module: sofaTracer-resteasy
2019-05-27 19:43:55,487 INFO  main                             - The module lookout does not need to be loaded.
2019-05-27 19:43:55,488 INFO  main                             - Install Module: sofaTracer
2019-05-27 19:43:55,510 INFO  main                             - Refer consumer config : bolt://io.sofastack.service.facade.HelloService: with bean id rpc-cfg-0
2019-05-27 19:44:31,939 INFO  http-nio-8084-exec-1             - Load tracer impl success: sofaTracer, com.alipay.sofa.rpc.tracer.sofatracer.RpcSofaTracer@3ca79925
2019-05-27 19:50:08,963 INFO  SOFA-SEV-BOLT-BIZ-12200-3-T1     - Load tracer impl success: sofaTracer, com.alipay.sofa.rpc.tracer.sofatracer.RpcSofaTracer@1831e023
2019-05-27 19:51:44,225 WARN  SOFA-RPC-ShutdownHook            - SOFA RPC Framework catch JVM shutdown event, Run shutdown hook now.
2019-05-27 19:51:44,227 INFO  SOFA-RPC-ShutdownHook            - UnRefer consumer config : bolt://io.sofastack.service.facade.HelloService: with bean id rpc-cfg-0
2019-05-27 19:51:44,230 INFO  SOFA-RPC-ShutdownHook            - Uninstall Module: fault-tolerance
2019-05-27 19:51:44,231 INFO  SOFA-RPC-ShutdownHook            - Uninstall Module: sofaTracer-resteasy
2019-05-27 19:51:44,231 INFO  SOFA-RPC-ShutdownHook            - Uninstall Module: sofaTracer
2019-05-27 19:51:44,231 WARN  SOFA-RPC-ShutdownHook            - SOFA RPC Framework has been release all resources ...
2019-05-27 19:51:48,885 INFO  main                             - Welcome! Loading SOFA RPC Framework : 5.5.3_20190505154137, PID is:12960
2019-05-27 19:51:48,896 INFO  main                             - Install Module: fault-tolerance
2019-05-27 19:51:48,907 INFO  main                             - Install Module: sofaTracer-resteasy
2019-05-27 19:51:48,940 INFO  main                             - The module lookout does not need to be loaded.
2019-05-27 19:51:48,940 INFO  main                             - Install Module: sofaTracer
2019-05-27 19:51:48,963 INFO  main                             - Refer consumer config : bolt://io.sofastack.service.facade.HelloService: with bean id rpc-cfg-0
2019-05-27 19:51:55,031 WARN  SOFA-RPC-ShutdownHook            - SOFA RPC Framework catch JVM shutdown event, Run shutdown hook now.
2019-05-27 19:51:55,033 INFO  SOFA-RPC-ShutdownHook            - UnRefer consumer config : bolt://io.sofastack.service.facade.HelloService: with bean id rpc-cfg-0
2019-05-27 19:51:55,038 INFO  SOFA-RPC-ShutdownHook            - Uninstall Module: fault-tolerance
2019-05-27 19:51:55,039 INFO  SOFA-RPC-ShutdownHook            - Uninstall Module: sofaTracer-resteasy
2019-05-27 19:51:55,039 INFO  SOFA-RPC-ShutdownHook            - Uninstall Module: sofaTracer
2019-05-27 19:51:55,039 WARN  SOFA-RPC-ShutdownHook            - SOFA RPC Framework has been release all resources ...
2019-05-27 19:51:59,973 INFO  main                             - Welcome! Loading SOFA RPC Framework : 5.5.3_20190505154137, PID is:12964
2019-05-27 19:51:59,984 INFO  main                             - Install Module: fault-tolerance
2019-05-27 19:51:59,995 INFO  main                             - Install Module: sofaTracer-resteasy
2019-05-27 19:52:00,028 INFO  main                             - The module lookout does not need to be loaded.
2019-05-27 19:52:00,029 INFO  main                             - Install Module: sofaTracer
2019-05-27 19:52:00,053 INFO  main                             - Refer consumer config : bolt://io.sofastack.service.facade.HelloService: with bean id rpc-cfg-0
2019-05-27 19:52:03,117 WARN  SOFA-RPC-ShutdownHook            - SOFA RPC Framework catch JVM shutdown event, Run shutdown hook now.
2019-05-27 19:52:03,119 INFO  Thread-11                        - Unexport provider config : io.sofastack.service.facade.HelloService::bolt with bean id rpc-cfg-0
2019-05-27 19:52:03,122 INFO  SOFA-RPC-ShutdownHook            - Uninstall Module: fault-tolerance
2019-05-27 19:52:03,123 INFO  SOFA-RPC-ShutdownHook            - Uninstall Module: sofaTracer-resteasy
2019-05-27 19:52:03,123 INFO  SOFA-RPC-ShutdownHook            - Uninstall Module: sofaTracer
2019-05-27 19:52:03,123 WARN  SOFA-RPC-ShutdownHook            - SOFA RPC Framework has been release all resources ...
2019-05-27 19:52:07,306 INFO  main                             - Welcome! Loading SOFA RPC Framework : 5.5.3_20190505154137, PID is:12974
2019-05-27 19:52:07,318 INFO  main                             - Install Module: fault-tolerance
2019-05-27 19:52:07,328 INFO  main                             - Install Module: sofaTracer-resteasy
2019-05-27 19:52:07,360 INFO  main                             - The module lookout does not need to be loaded.
2019-05-27 19:52:07,361 INFO  main                             - Install Module: sofaTracer
2019-05-27 19:52:07,371 INFO  main                             - Export provider config : io.sofastack.service.facade.HelloService::bolt with bean id rpc-cfg-0
2019-05-27 19:52:07,684 INFO  main                             - service published.  interfaceId[io.sofastack.service.facade.HelloService]; protocol[bolt]
2019-05-27 19:52:10,720 INFO  http-nio-8084-exec-1             - Load tracer impl success: sofaTracer, com.alipay.sofa.rpc.tracer.sofatracer.RpcSofaTracer@50a1d6da
2019-05-27 19:52:10,755 INFO  SOFA-SEV-BOLT-BIZ-12200-3-T1     - Load tracer impl success: sofaTracer, com.alipay.sofa.rpc.tracer.sofatracer.RpcSofaTracer@6eba60dd
