2019-05-27 19:32:16,780 ERROR [FutureTaskUtil#51] [RpcTaskScannerThread] Future task has not completed!
com.alipay.remoting.util.FutureTaskNotCompleted: null
	at com.alipay.remoting.util.RunStateRecordedFutureTask.getAfterRun(RunStateRecordedFutureTask.java:48)
	at com.alipay.remoting.util.FutureTaskUtil.getFutureTaskResult(FutureTaskUtil.java:43)
	at com.alipay.remoting.DefaultConnectionManager.getConnectionPool(DefaultConnectionManager.java:563)
	at com.alipay.remoting.DefaultConnectionManager.scan(DefaultConnectionManager.java:439)
	at com.alipay.remoting.rpc.RpcTaskScanner$2.run(RpcTaskScanner.java:60)
	at java.util.concurrent.Executors$RunnableAdapter.call(Executors.java:511)
	at java.util.concurrent.FutureTask.runAndReset$$$capture(FutureTask.java:308)
	at java.util.concurrent.FutureTask.runAndReset(FutureTask.java)
	at java.util.concurrent.ScheduledThreadPoolExecutor$ScheduledFutureTask.access$301(ScheduledThreadPoolExecutor.java:180)
	at java.util.concurrent.ScheduledThreadPoolExecutor$ScheduledFutureTask.run(ScheduledThreadPoolExecutor.java:294)
	at java.util.concurrent.ThreadPoolExecutor.runWorker(ThreadPoolExecutor.java:1149)
	at java.util.concurrent.ThreadPoolExecutor$Worker.run(ThreadPoolExecutor.java:624)
	at java.lang.Thread.run(Thread.java:748)
2019-05-27 19:32:26,783 ERROR [FutureTaskUtil#51] [RpcTaskScannerThread] Future task has not completed!
com.alipay.remoting.util.FutureTaskNotCompleted: null
	at com.alipay.remoting.util.RunStateRecordedFutureTask.getAfterRun(RunStateRecordedFutureTask.java:48)
	at com.alipay.remoting.util.FutureTaskUtil.getFutureTaskResult(FutureTaskUtil.java:43)
	at com.alipay.remoting.DefaultConnectionManager.getConnectionPool(DefaultConnectionManager.java:563)
	at com.alipay.remoting.DefaultConnectionManager.scan(DefaultConnectionManager.java:439)
	at com.alipay.remoting.rpc.RpcTaskScanner$2.run(RpcTaskScanner.java:60)
	at java.util.concurrent.Executors$RunnableAdapter.call(Executors.java:511)
	at java.util.concurrent.FutureTask.runAndReset$$$capture(FutureTask.java:308)
	at java.util.concurrent.FutureTask.runAndReset(FutureTask.java)
	at java.util.concurrent.ScheduledThreadPoolExecutor$ScheduledFutureTask.access$301(ScheduledThreadPoolExecutor.java:180)
	at java.util.concurrent.ScheduledThreadPoolExecutor$ScheduledFutureTask.run(ScheduledThreadPoolExecutor.java:294)
	at java.util.concurrent.ThreadPoolExecutor.runWorker(ThreadPoolExecutor.java:1149)
	at java.util.concurrent.ThreadPoolExecutor$Worker.run(ThreadPoolExecutor.java:624)
	at java.lang.Thread.run(Thread.java:748)
2019-05-27 19:32:36,784 ERROR [FutureTaskUtil#51] [RpcTaskScannerThread] Future task has not completed!
com.alipay.remoting.util.FutureTaskNotCompleted: null
	at com.alipay.remoting.util.RunStateRecordedFutureTask.getAfterRun(RunStateRecordedFutureTask.java:48)
	at com.alipay.remoting.util.FutureTaskUtil.getFutureTaskResult(FutureTaskUtil.java:43)
	at com.alipay.remoting.DefaultConnectionManager.getConnectionPool(DefaultConnectionManager.java:563)
	at com.alipay.remoting.DefaultConnectionManager.scan(DefaultConnectionManager.java:439)
	at com.alipay.remoting.rpc.RpcTaskScanner$2.run(RpcTaskScanner.java:60)
	at java.util.concurrent.Executors$RunnableAdapter.call(Executors.java:511)
	at java.util.concurrent.FutureTask.runAndReset$$$capture(FutureTask.java:308)
	at java.util.concurrent.FutureTask.runAndReset(FutureTask.java)
	at java.util.concurrent.ScheduledThreadPoolExecutor$ScheduledFutureTask.access$301(ScheduledThreadPoolExecutor.java:180)
	at java.util.concurrent.ScheduledThreadPoolExecutor$ScheduledFutureTask.run(ScheduledThreadPoolExecutor.java:294)
	at java.util.concurrent.ThreadPoolExecutor.runWorker(ThreadPoolExecutor.java:1149)
	at java.util.concurrent.ThreadPoolExecutor$Worker.run(ThreadPoolExecutor.java:624)
	at java.lang.Thread.run(Thread.java:748)
2019-05-27 19:32:46,790 ERROR [FutureTaskUtil#51] [RpcTaskScannerThread] Future task has not completed!
com.alipay.remoting.util.FutureTaskNotCompleted: null
	at com.alipay.remoting.util.RunStateRecordedFutureTask.getAfterRun(RunStateRecordedFutureTask.java:48)
	at com.alipay.remoting.util.FutureTaskUtil.getFutureTaskResult(FutureTaskUtil.java:43)
	at com.alipay.remoting.DefaultConnectionManager.getConnectionPool(DefaultConnectionManager.java:563)
	at com.alipay.remoting.DefaultConnectionManager.scan(DefaultConnectionManager.java:439)
	at com.alipay.remoting.rpc.RpcTaskScanner$2.run(RpcTaskScanner.java:60)
	at java.util.concurrent.Executors$RunnableAdapter.call(Executors.java:511)
	at java.util.concurrent.FutureTask.runAndReset$$$capture(FutureTask.java:308)
	at java.util.concurrent.FutureTask.runAndReset(FutureTask.java)
	at java.util.concurrent.ScheduledThreadPoolExecutor$ScheduledFutureTask.access$301(ScheduledThreadPoolExecutor.java:180)
	at java.util.concurrent.ScheduledThreadPoolExecutor$ScheduledFutureTask.run(ScheduledThreadPoolExecutor.java:294)
	at java.util.concurrent.ThreadPoolExecutor.runWorker(ThreadPoolExecutor.java:1149)
	at java.util.concurrent.ThreadPoolExecutor$Worker.run(ThreadPoolExecutor.java:624)
	at java.lang.Thread.run(Thread.java:748)
2019-05-27 19:33:46,807 ERROR [FutureTaskUtil#51] [RpcTaskScannerThread] Future task has not completed!
com.alipay.remoting.util.FutureTaskNotCompleted: null
	at com.alipay.remoting.util.RunStateRecordedFutureTask.getAfterRun(RunStateRecordedFutureTask.java:48)
	at com.alipay.remoting.util.FutureTaskUtil.getFutureTaskResult(FutureTaskUtil.java:43)
	at com.alipay.remoting.DefaultConnectionManager.getConnectionPool(DefaultConnectionManager.java:563)
	at com.alipay.remoting.DefaultConnectionManager.scan(DefaultConnectionManager.java:439)
	at com.alipay.remoting.rpc.RpcTaskScanner$2.run(RpcTaskScanner.java:60)
	at java.util.concurrent.Executors$RunnableAdapter.call(Executors.java:511)
	at java.util.concurrent.FutureTask.runAndReset$$$capture(FutureTask.java:308)
	at java.util.concurrent.FutureTask.runAndReset(FutureTask.java)
	at java.util.concurrent.ScheduledThreadPoolExecutor$ScheduledFutureTask.access$301(ScheduledThreadPoolExecutor.java:180)
	at java.util.concurrent.ScheduledThreadPoolExecutor$ScheduledFutureTask.run(ScheduledThreadPoolExecutor.java:294)
	at java.util.concurrent.ThreadPoolExecutor.runWorker(ThreadPoolExecutor.java:1149)
	at java.util.concurrent.ThreadPoolExecutor$Worker.run(ThreadPoolExecutor.java:624)
	at java.lang.Thread.run(Thread.java:748)
2019-05-27 19:33:56,811 ERROR [FutureTaskUtil#51] [RpcTaskScannerThread] Future task has not completed!
com.alipay.remoting.util.FutureTaskNotCompleted: null
	at com.alipay.remoting.util.RunStateRecordedFutureTask.getAfterRun(RunStateRecordedFutureTask.java:48)
	at com.alipay.remoting.util.FutureTaskUtil.getFutureTaskResult(FutureTaskUtil.java:43)
	at com.alipay.remoting.DefaultConnectionManager.getConnectionPool(DefaultConnectionManager.java:563)
	at com.alipay.remoting.DefaultConnectionManager.scan(DefaultConnectionManager.java:439)
	at com.alipay.remoting.rpc.RpcTaskScanner$2.run(RpcTaskScanner.java:60)
	at java.util.concurrent.Executors$RunnableAdapter.call(Executors.java:511)
	at java.util.concurrent.FutureTask.runAndReset$$$capture(FutureTask.java:308)
	at java.util.concurrent.FutureTask.runAndReset(FutureTask.java)
	at java.util.concurrent.ScheduledThreadPoolExecutor$ScheduledFutureTask.access$301(ScheduledThreadPoolExecutor.java:180)
	at java.util.concurrent.ScheduledThreadPoolExecutor$ScheduledFutureTask.run(ScheduledThreadPoolExecutor.java:294)
	at java.util.concurrent.ThreadPoolExecutor.runWorker(ThreadPoolExecutor.java:1149)
	at java.util.concurrent.ThreadPoolExecutor$Worker.run(ThreadPoolExecutor.java:624)
	at java.lang.Thread.run(Thread.java:748)
2019-05-27 19:34:06,816 ERROR [FutureTaskUtil#51] [RpcTaskScannerThread] Future task has not completed!
com.alipay.remoting.util.FutureTaskNotCompleted: null
	at com.alipay.remoting.util.RunStateRecordedFutureTask.getAfterRun(RunStateRecordedFutureTask.java:48)
	at com.alipay.remoting.util.FutureTaskUtil.getFutureTaskResult(FutureTaskUtil.java:43)
	at com.alipay.remoting.DefaultConnectionManager.getConnectionPool(DefaultConnectionManager.java:563)
	at com.alipay.remoting.DefaultConnectionManager.scan(DefaultConnectionManager.java:439)
	at com.alipay.remoting.rpc.RpcTaskScanner$2.run(RpcTaskScanner.java:60)
	at java.util.concurrent.Executors$RunnableAdapter.call(Executors.java:511)
	at java.util.concurrent.FutureTask.runAndReset$$$capture(FutureTask.java:308)
	at java.util.concurrent.FutureTask.runAndReset(FutureTask.java)
	at java.util.concurrent.ScheduledThreadPoolExecutor$ScheduledFutureTask.access$301(ScheduledThreadPoolExecutor.java:180)
	at java.util.concurrent.ScheduledThreadPoolExecutor$ScheduledFutureTask.run(ScheduledThreadPoolExecutor.java:294)
	at java.util.concurrent.ThreadPoolExecutor.runWorker(ThreadPoolExecutor.java:1149)
	at java.util.concurrent.ThreadPoolExecutor$Worker.run(ThreadPoolExecutor.java:624)
	at java.lang.Thread.run(Thread.java:748)
2019-05-27 19:34:16,817 ERROR [FutureTaskUtil#51] [RpcTaskScannerThread] Future task has not completed!
com.alipay.remoting.util.FutureTaskNotCompleted: null
	at com.alipay.remoting.util.RunStateRecordedFutureTask.getAfterRun(RunStateRecordedFutureTask.java:48)
	at com.alipay.remoting.util.FutureTaskUtil.getFutureTaskResult(FutureTaskUtil.java:43)
	at com.alipay.remoting.DefaultConnectionManager.getConnectionPool(DefaultConnectionManager.java:563)
	at com.alipay.remoting.DefaultConnectionManager.scan(DefaultConnectionManager.java:439)
	at com.alipay.remoting.rpc.RpcTaskScanner$2.run(RpcTaskScanner.java:60)
	at java.util.concurrent.Executors$RunnableAdapter.call(Executors.java:511)
	at java.util.concurrent.FutureTask.runAndReset$$$capture(FutureTask.java:308)
	at java.util.concurrent.FutureTask.runAndReset(FutureTask.java)
	at java.util.concurrent.ScheduledThreadPoolExecutor$ScheduledFutureTask.access$301(ScheduledThreadPoolExecutor.java:180)
	at java.util.concurrent.ScheduledThreadPoolExecutor$ScheduledFutureTask.run(ScheduledThreadPoolExecutor.java:294)
	at java.util.concurrent.ThreadPoolExecutor.runWorker(ThreadPoolExecutor.java:1149)
	at java.util.concurrent.ThreadPoolExecutor$Worker.run(ThreadPoolExecutor.java:624)
	at java.lang.Thread.run(Thread.java:748)
2019-05-27 19:34:26,819 ERROR [FutureTaskUtil#51] [RpcTaskScannerThread] Future task has not completed!
com.alipay.remoting.util.FutureTaskNotCompleted: null
	at com.alipay.remoting.util.RunStateRecordedFutureTask.getAfterRun(RunStateRecordedFutureTask.java:48)
	at com.alipay.remoting.util.FutureTaskUtil.getFutureTaskResult(FutureTaskUtil.java:43)
	at com.alipay.remoting.DefaultConnectionManager.getConnectionPool(DefaultConnectionManager.java:563)
	at com.alipay.remoting.DefaultConnectionManager.scan(DefaultConnectionManager.java:439)
	at com.alipay.remoting.rpc.RpcTaskScanner$2.run(RpcTaskScanner.java:60)
	at java.util.concurrent.Executors$RunnableAdapter.call(Executors.java:511)
	at java.util.concurrent.FutureTask.runAndReset$$$capture(FutureTask.java:308)
	at java.util.concurrent.FutureTask.runAndReset(FutureTask.java)
	at java.util.concurrent.ScheduledThreadPoolExecutor$ScheduledFutureTask.access$301(ScheduledThreadPoolExecutor.java:180)
	at java.util.concurrent.ScheduledThreadPoolExecutor$ScheduledFutureTask.run(ScheduledThreadPoolExecutor.java:294)
	at java.util.concurrent.ThreadPoolExecutor.runWorker(ThreadPoolExecutor.java:1149)
	at java.util.concurrent.ThreadPoolExecutor$Worker.run(ThreadPoolExecutor.java:624)
	at java.lang.Thread.run(Thread.java:748)
2019-05-27 19:34:36,820 ERROR [FutureTaskUtil#51] [RpcTaskScannerThread] Future task has not completed!
com.alipay.remoting.util.FutureTaskNotCompleted: null
	at com.alipay.remoting.util.RunStateRecordedFutureTask.getAfterRun(RunStateRecordedFutureTask.java:48)
	at com.alipay.remoting.util.FutureTaskUtil.getFutureTaskResult(FutureTaskUtil.java:43)
	at com.alipay.remoting.DefaultConnectionManager.getConnectionPool(DefaultConnectionManager.java:563)
	at com.alipay.remoting.DefaultConnectionManager.scan(DefaultConnectionManager.java:439)
	at com.alipay.remoting.rpc.RpcTaskScanner$2.run(RpcTaskScanner.java:60)
	at java.util.concurrent.Executors$RunnableAdapter.call(Executors.java:511)
	at java.util.concurrent.FutureTask.runAndReset$$$capture(FutureTask.java:308)
	at java.util.concurrent.FutureTask.runAndReset(FutureTask.java)
	at java.util.concurrent.ScheduledThreadPoolExecutor$ScheduledFutureTask.access$301(ScheduledThreadPoolExecutor.java:180)
	at java.util.concurrent.ScheduledThreadPoolExecutor$ScheduledFutureTask.run(ScheduledThreadPoolExecutor.java:294)
	at java.util.concurrent.ThreadPoolExecutor.runWorker(ThreadPoolExecutor.java:1149)
	at java.util.concurrent.ThreadPoolExecutor$Worker.run(ThreadPoolExecutor.java:624)
	at java.lang.Thread.run(Thread.java:748)
2019-05-27 19:35:42,744 ERROR [FutureTaskUtil#51] [RpcTaskScannerThread] Future task has not completed!
com.alipay.remoting.util.FutureTaskNotCompleted: null
	at com.alipay.remoting.util.RunStateRecordedFutureTask.getAfterRun(RunStateRecordedFutureTask.java:48)
	at com.alipay.remoting.util.FutureTaskUtil.getFutureTaskResult(FutureTaskUtil.java:43)
	at com.alipay.remoting.DefaultConnectionManager.getConnectionPool(DefaultConnectionManager.java:563)
	at com.alipay.remoting.DefaultConnectionManager.scan(DefaultConnectionManager.java:439)
	at com.alipay.remoting.rpc.RpcTaskScanner$2.run(RpcTaskScanner.java:60)
	at java.util.concurrent.Executors$RunnableAdapter.call(Executors.java:511)
	at java.util.concurrent.FutureTask.runAndReset$$$capture(FutureTask.java:308)
	at java.util.concurrent.FutureTask.runAndReset(FutureTask.java)
	at java.util.concurrent.ScheduledThreadPoolExecutor$ScheduledFutureTask.access$301(ScheduledThreadPoolExecutor.java:180)
	at java.util.concurrent.ScheduledThreadPoolExecutor$ScheduledFutureTask.run(ScheduledThreadPoolExecutor.java:294)
	at java.util.concurrent.ThreadPoolExecutor.runWorker(ThreadPoolExecutor.java:1149)
	at java.util.concurrent.ThreadPoolExecutor$Worker.run(ThreadPoolExecutor.java:624)
	at java.lang.Thread.run(Thread.java:748)
2019-05-27 19:37:26,881 ERROR [FutureTaskUtil#51] [RpcTaskScannerThread] Future task has not completed!
com.alipay.remoting.util.FutureTaskNotCompleted: null
	at com.alipay.remoting.util.RunStateRecordedFutureTask.getAfterRun(RunStateRecordedFutureTask.java:48)
	at com.alipay.remoting.util.FutureTaskUtil.getFutureTaskResult(FutureTaskUtil.java:43)
	at com.alipay.remoting.DefaultConnectionManager.getConnectionPool(DefaultConnectionManager.java:563)
	at com.alipay.remoting.DefaultConnectionManager.scan(DefaultConnectionManager.java:439)
	at com.alipay.remoting.rpc.RpcTaskScanner$2.run(RpcTaskScanner.java:60)
	at java.util.concurrent.Executors$RunnableAdapter.call(Executors.java:511)
	at java.util.concurrent.FutureTask.runAndReset$$$capture(FutureTask.java:308)
	at java.util.concurrent.FutureTask.runAndReset(FutureTask.java)
	at java.util.concurrent.ScheduledThreadPoolExecutor$ScheduledFutureTask.access$301(ScheduledThreadPoolExecutor.java:180)
	at java.util.concurrent.ScheduledThreadPoolExecutor$ScheduledFutureTask.run(ScheduledThreadPoolExecutor.java:294)
	at java.util.concurrent.ThreadPoolExecutor.runWorker(ThreadPoolExecutor.java:1149)
	at java.util.concurrent.ThreadPoolExecutor$Worker.run(ThreadPoolExecutor.java:624)
	at java.lang.Thread.run(Thread.java:748)
2019-05-27 19:37:42,788 ERROR [FutureTaskUtil#51] [RpcTaskScannerThread] Future task has not completed!
com.alipay.remoting.util.FutureTaskNotCompleted: null
	at com.alipay.remoting.util.RunStateRecordedFutureTask.getAfterRun(RunStateRecordedFutureTask.java:48)
	at com.alipay.remoting.util.FutureTaskUtil.getFutureTaskResult(FutureTaskUtil.java:43)
	at com.alipay.remoting.DefaultConnectionManager.getConnectionPool(DefaultConnectionManager.java:563)
	at com.alipay.remoting.DefaultConnectionManager.scan(DefaultConnectionManager.java:439)
	at com.alipay.remoting.rpc.RpcTaskScanner$2.run(RpcTaskScanner.java:60)
	at java.util.concurrent.Executors$RunnableAdapter.call(Executors.java:511)
	at java.util.concurrent.FutureTask.runAndReset$$$capture(FutureTask.java:308)
	at java.util.concurrent.FutureTask.runAndReset(FutureTask.java)
	at java.util.concurrent.ScheduledThreadPoolExecutor$ScheduledFutureTask.access$301(ScheduledThreadPoolExecutor.java:180)
	at java.util.concurrent.ScheduledThreadPoolExecutor$ScheduledFutureTask.run(ScheduledThreadPoolExecutor.java:294)
	at java.util.concurrent.ThreadPoolExecutor.runWorker(ThreadPoolExecutor.java:1149)
	at java.util.concurrent.ThreadPoolExecutor$Worker.run(ThreadPoolExecutor.java:624)
	at java.lang.Thread.run(Thread.java:748)
2019-05-27 19:37:56,894 ERROR [FutureTaskUtil#51] [RpcTaskScannerThread] Future task has not completed!
com.alipay.remoting.util.FutureTaskNotCompleted: null
	at com.alipay.remoting.util.RunStateRecordedFutureTask.getAfterRun(RunStateRecordedFutureTask.java:48)
	at com.alipay.remoting.util.FutureTaskUtil.getFutureTaskResult(FutureTaskUtil.java:43)
	at com.alipay.remoting.DefaultConnectionManager.getConnectionPool(DefaultConnectionManager.java:563)
	at com.alipay.remoting.DefaultConnectionManager.scan(DefaultConnectionManager.java:439)
	at com.alipay.remoting.rpc.RpcTaskScanner$2.run(RpcTaskScanner.java:60)
	at java.util.concurrent.Executors$RunnableAdapter.call(Executors.java:511)
	at java.util.concurrent.FutureTask.runAndReset$$$capture(FutureTask.java:308)
	at java.util.concurrent.FutureTask.runAndReset(FutureTask.java)
	at java.util.concurrent.ScheduledThreadPoolExecutor$ScheduledFutureTask.access$301(ScheduledThreadPoolExecutor.java:180)
	at java.util.concurrent.ScheduledThreadPoolExecutor$ScheduledFutureTask.run(ScheduledThreadPoolExecutor.java:294)
	at java.util.concurrent.ThreadPoolExecutor.runWorker(ThreadPoolExecutor.java:1149)
	at java.util.concurrent.ThreadPoolExecutor$Worker.run(ThreadPoolExecutor.java:624)
	at java.lang.Thread.run(Thread.java:748)
2019-05-27 19:38:11,527 ERROR [FutureTaskUtil#51] [RpcTaskScannerThread] Future task has not completed!
com.alipay.remoting.util.FutureTaskNotCompleted: null
	at com.alipay.remoting.util.RunStateRecordedFutureTask.getAfterRun(RunStateRecordedFutureTask.java:48)
	at com.alipay.remoting.util.FutureTaskUtil.getFutureTaskResult(FutureTaskUtil.java:43)
	at com.alipay.remoting.DefaultConnectionManager.getConnectionPool(DefaultConnectionManager.java:563)
	at com.alipay.remoting.DefaultConnectionManager.scan(DefaultConnectionManager.java:439)
	at com.alipay.remoting.rpc.RpcTaskScanner$2.run(RpcTaskScanner.java:60)
	at java.util.concurrent.Executors$RunnableAdapter.call(Executors.java:511)
	at java.util.concurrent.FutureTask.runAndReset$$$capture(FutureTask.java:308)
	at java.util.concurrent.FutureTask.runAndReset(FutureTask.java)
	at java.util.concurrent.ScheduledThreadPoolExecutor$ScheduledFutureTask.access$301(ScheduledThreadPoolExecutor.java:180)
	at java.util.concurrent.ScheduledThreadPoolExecutor$ScheduledFutureTask.run(ScheduledThreadPoolExecutor.java:294)
	at java.util.concurrent.ThreadPoolExecutor.runWorker(ThreadPoolExecutor.java:1149)
	at java.util.concurrent.ThreadPoolExecutor$Worker.run(ThreadPoolExecutor.java:624)
	at java.lang.Thread.run(Thread.java:748)
2019-05-27 19:38:26,904 ERROR [FutureTaskUtil#51] [RpcTaskScannerThread] Future task has not completed!
com.alipay.remoting.util.FutureTaskNotCompleted: null
	at com.alipay.remoting.util.RunStateRecordedFutureTask.getAfterRun(RunStateRecordedFutureTask.java:48)
	at com.alipay.remoting.util.FutureTaskUtil.getFutureTaskResult(FutureTaskUtil.java:43)
	at com.alipay.remoting.DefaultConnectionManager.getConnectionPool(DefaultConnectionManager.java:563)
	at com.alipay.remoting.DefaultConnectionManager.scan(DefaultConnectionManager.java:439)
	at com.alipay.remoting.rpc.RpcTaskScanner$2.run(RpcTaskScanner.java:60)
	at java.util.concurrent.Executors$RunnableAdapter.call(Executors.java:511)
	at java.util.concurrent.FutureTask.runAndReset$$$capture(FutureTask.java:308)
	at java.util.concurrent.FutureTask.runAndReset(FutureTask.java)
	at java.util.concurrent.ScheduledThreadPoolExecutor$ScheduledFutureTask.access$301(ScheduledThreadPoolExecutor.java:180)
	at java.util.concurrent.ScheduledThreadPoolExecutor$ScheduledFutureTask.run(ScheduledThreadPoolExecutor.java:294)
	at java.util.concurrent.ThreadPoolExecutor.runWorker(ThreadPoolExecutor.java:1149)
	at java.util.concurrent.ThreadPoolExecutor$Worker.run(ThreadPoolExecutor.java:624)
	at java.lang.Thread.run(Thread.java:748)
2019-05-27 19:38:41,539 ERROR [FutureTaskUtil#51] [RpcTaskScannerThread] Future task has not completed!
com.alipay.remoting.util.FutureTaskNotCompleted: null
	at com.alipay.remoting.util.RunStateRecordedFutureTask.getAfterRun(RunStateRecordedFutureTask.java:48)
	at com.alipay.remoting.util.FutureTaskUtil.getFutureTaskResult(FutureTaskUtil.java:43)
	at com.alipay.remoting.DefaultConnectionManager.getConnectionPool(DefaultConnectionManager.java:563)
	at com.alipay.remoting.DefaultConnectionManager.scan(DefaultConnectionManager.java:439)
	at com.alipay.remoting.rpc.RpcTaskScanner$2.run(RpcTaskScanner.java:60)
	at java.util.concurrent.Executors$RunnableAdapter.call(Executors.java:511)
	at java.util.concurrent.FutureTask.runAndReset$$$capture(FutureTask.java:308)
	at java.util.concurrent.FutureTask.runAndReset(FutureTask.java)
	at java.util.concurrent.ScheduledThreadPoolExecutor$ScheduledFutureTask.access$301(ScheduledThreadPoolExecutor.java:180)
	at java.util.concurrent.ScheduledThreadPoolExecutor$ScheduledFutureTask.run(ScheduledThreadPoolExecutor.java:294)
	at java.util.concurrent.ThreadPoolExecutor.runWorker(ThreadPoolExecutor.java:1149)
	at java.util.concurrent.ThreadPoolExecutor$Worker.run(ThreadPoolExecutor.java:624)
	at java.lang.Thread.run(Thread.java:748)
2019-05-27 19:38:51,543 ERROR [FutureTaskUtil#51] [RpcTaskScannerThread] Future task has not completed!
com.alipay.remoting.util.FutureTaskNotCompleted: null
	at com.alipay.remoting.util.RunStateRecordedFutureTask.getAfterRun(RunStateRecordedFutureTask.java:48)
	at com.alipay.remoting.util.FutureTaskUtil.getFutureTaskResult(FutureTaskUtil.java:43)
	at com.alipay.remoting.DefaultConnectionManager.getConnectionPool(DefaultConnectionManager.java:563)
	at com.alipay.remoting.DefaultConnectionManager.scan(DefaultConnectionManager.java:439)
	at com.alipay.remoting.rpc.RpcTaskScanner$2.run(RpcTaskScanner.java:60)
	at java.util.concurrent.Executors$RunnableAdapter.call(Executors.java:511)
	at java.util.concurrent.FutureTask.runAndReset$$$capture(FutureTask.java:308)
	at java.util.concurrent.FutureTask.runAndReset(FutureTask.java)
	at java.util.concurrent.ScheduledThreadPoolExecutor$ScheduledFutureTask.access$301(ScheduledThreadPoolExecutor.java:180)
	at java.util.concurrent.ScheduledThreadPoolExecutor$ScheduledFutureTask.run(ScheduledThreadPoolExecutor.java:294)
	at java.util.concurrent.ThreadPoolExecutor.runWorker(ThreadPoolExecutor.java:1149)
	at java.util.concurrent.ThreadPoolExecutor$Worker.run(ThreadPoolExecutor.java:624)
	at java.lang.Thread.run(Thread.java:748)
2019-05-27 19:38:56,907 ERROR [FutureTaskUtil#51] [RpcTaskScannerThread] Future task has not completed!
com.alipay.remoting.util.FutureTaskNotCompleted: null
	at com.alipay.remoting.util.RunStateRecordedFutureTask.getAfterRun(RunStateRecordedFutureTask.java:48)
	at com.alipay.remoting.util.FutureTaskUtil.getFutureTaskResult(FutureTaskUtil.java:43)
	at com.alipay.remoting.DefaultConnectionManager.getConnectionPool(DefaultConnectionManager.java:563)
	at com.alipay.remoting.DefaultConnectionManager.scan(DefaultConnectionManager.java:439)
	at com.alipay.remoting.rpc.RpcTaskScanner$2.run(RpcTaskScanner.java:60)
	at java.util.concurrent.Executors$RunnableAdapter.call(Executors.java:511)
	at java.util.concurrent.FutureTask.runAndReset$$$capture(FutureTask.java:308)
	at java.util.concurrent.FutureTask.runAndReset(FutureTask.java)
	at java.util.concurrent.ScheduledThreadPoolExecutor$ScheduledFutureTask.access$301(ScheduledThreadPoolExecutor.java:180)
	at java.util.concurrent.ScheduledThreadPoolExecutor$ScheduledFutureTask.run(ScheduledThreadPoolExecutor.java:294)
	at java.util.concurrent.ThreadPoolExecutor.runWorker(ThreadPoolExecutor.java:1149)
	at java.util.concurrent.ThreadPoolExecutor$Worker.run(ThreadPoolExecutor.java:624)
	at java.lang.Thread.run(Thread.java:748)
2019-05-27 19:39:06,910 ERROR [FutureTaskUtil#51] [RpcTaskScannerThread] Future task has not completed!
com.alipay.remoting.util.FutureTaskNotCompleted: null
	at com.alipay.remoting.util.RunStateRecordedFutureTask.getAfterRun(RunStateRecordedFutureTask.java:48)
	at com.alipay.remoting.util.FutureTaskUtil.getFutureTaskResult(FutureTaskUtil.java:43)
	at com.alipay.remoting.DefaultConnectionManager.getConnectionPool(DefaultConnectionManager.java:563)
	at com.alipay.remoting.DefaultConnectionManager.scan(DefaultConnectionManager.java:439)
	at com.alipay.remoting.rpc.RpcTaskScanner$2.run(RpcTaskScanner.java:60)
	at java.util.concurrent.Executors$RunnableAdapter.call(Executors.java:511)
	at java.util.concurrent.FutureTask.runAndReset$$$capture(FutureTask.java:308)
	at java.util.concurrent.FutureTask.runAndReset(FutureTask.java)
	at java.util.concurrent.ScheduledThreadPoolExecutor$ScheduledFutureTask.access$301(ScheduledThreadPoolExecutor.java:180)
	at java.util.concurrent.ScheduledThreadPoolExecutor$ScheduledFutureTask.run(ScheduledThreadPoolExecutor.java:294)
	at java.util.concurrent.ThreadPoolExecutor.runWorker(ThreadPoolExecutor.java:1149)
	at java.util.concurrent.ThreadPoolExecutor$Worker.run(ThreadPoolExecutor.java:624)
	at java.lang.Thread.run(Thread.java:748)
2019-05-27 19:39:11,552 ERROR [FutureTaskUtil#51] [RpcTaskScannerThread] Future task has not completed!
com.alipay.remoting.util.FutureTaskNotCompleted: null
	at com.alipay.remoting.util.RunStateRecordedFutureTask.getAfterRun(RunStateRecordedFutureTask.java:48)
	at com.alipay.remoting.util.FutureTaskUtil.getFutureTaskResult(FutureTaskUtil.java:43)
	at com.alipay.remoting.DefaultConnectionManager.getConnectionPool(DefaultConnectionManager.java:563)
	at com.alipay.remoting.DefaultConnectionManager.scan(DefaultConnectionManager.java:439)
	at com.alipay.remoting.rpc.RpcTaskScanner$2.run(RpcTaskScanner.java:60)
	at java.util.concurrent.Executors$RunnableAdapter.call(Executors.java:511)
	at java.util.concurrent.FutureTask.runAndReset$$$capture(FutureTask.java:308)
	at java.util.concurrent.FutureTask.runAndReset(FutureTask.java)
	at java.util.concurrent.ScheduledThreadPoolExecutor$ScheduledFutureTask.access$301(ScheduledThreadPoolExecutor.java:180)
	at java.util.concurrent.ScheduledThreadPoolExecutor$ScheduledFutureTask.run(ScheduledThreadPoolExecutor.java:294)
	at java.util.concurrent.ThreadPoolExecutor.runWorker(ThreadPoolExecutor.java:1149)
	at java.util.concurrent.ThreadPoolExecutor$Worker.run(ThreadPoolExecutor.java:624)
	at java.lang.Thread.run(Thread.java:748)
2019-05-27 19:39:16,914 ERROR [FutureTaskUtil#51] [RpcTaskScannerThread] Future task has not completed!
com.alipay.remoting.util.FutureTaskNotCompleted: null
	at com.alipay.remoting.util.RunStateRecordedFutureTask.getAfterRun(RunStateRecordedFutureTask.java:48)
	at com.alipay.remoting.util.FutureTaskUtil.getFutureTaskResult(FutureTaskUtil.java:43)
	at com.alipay.remoting.DefaultConnectionManager.getConnectionPool(DefaultConnectionManager.java:563)
	at com.alipay.remoting.DefaultConnectionManager.scan(DefaultConnectionManager.java:439)
	at com.alipay.remoting.rpc.RpcTaskScanner$2.run(RpcTaskScanner.java:60)
	at java.util.concurrent.Executors$RunnableAdapter.call(Executors.java:511)
	at java.util.concurrent.FutureTask.runAndReset$$$capture(FutureTask.java:308)
	at java.util.concurrent.FutureTask.runAndReset(FutureTask.java)
	at java.util.concurrent.ScheduledThreadPoolExecutor$ScheduledFutureTask.access$301(ScheduledThreadPoolExecutor.java:180)
	at java.util.concurrent.ScheduledThreadPoolExecutor$ScheduledFutureTask.run(ScheduledThreadPoolExecutor.java:294)
	at java.util.concurrent.ThreadPoolExecutor.runWorker(ThreadPoolExecutor.java:1149)
	at java.util.concurrent.ThreadPoolExecutor$Worker.run(ThreadPoolExecutor.java:624)
	at java.lang.Thread.run(Thread.java:748)
2019-05-27 19:39:21,554 ERROR [FutureTaskUtil#51] [RpcTaskScannerThread] Future task has not completed!
com.alipay.remoting.util.FutureTaskNotCompleted: null
	at com.alipay.remoting.util.RunStateRecordedFutureTask.getAfterRun(RunStateRecordedFutureTask.java:48)
	at com.alipay.remoting.util.FutureTaskUtil.getFutureTaskResult(FutureTaskUtil.java:43)
	at com.alipay.remoting.DefaultConnectionManager.getConnectionPool(DefaultConnectionManager.java:563)
	at com.alipay.remoting.DefaultConnectionManager.scan(DefaultConnectionManager.java:439)
	at com.alipay.remoting.rpc.RpcTaskScanner$2.run(RpcTaskScanner.java:60)
	at java.util.concurrent.Executors$RunnableAdapter.call(Executors.java:511)
	at java.util.concurrent.FutureTask.runAndReset$$$capture(FutureTask.java:308)
	at java.util.concurrent.FutureTask.runAndReset(FutureTask.java)
	at java.util.concurrent.ScheduledThreadPoolExecutor$ScheduledFutureTask.access$301(ScheduledThreadPoolExecutor.java:180)
	at java.util.concurrent.ScheduledThreadPoolExecutor$ScheduledFutureTask.run(ScheduledThreadPoolExecutor.java:294)
	at java.util.concurrent.ThreadPoolExecutor.runWorker(ThreadPoolExecutor.java:1149)
	at java.util.concurrent.ThreadPoolExecutor$Worker.run(ThreadPoolExecutor.java:624)
	at java.lang.Thread.run(Thread.java:748)
2019-05-27 19:39:26,917 ERROR [FutureTaskUtil#51] [RpcTaskScannerThread] Future task has not completed!
com.alipay.remoting.util.FutureTaskNotCompleted: null
	at com.alipay.remoting.util.RunStateRecordedFutureTask.getAfterRun(RunStateRecordedFutureTask.java:48)
	at com.alipay.remoting.util.FutureTaskUtil.getFutureTaskResult(FutureTaskUtil.java:43)
	at com.alipay.remoting.DefaultConnectionManager.getConnectionPool(DefaultConnectionManager.java:563)
	at com.alipay.remoting.DefaultConnectionManager.scan(DefaultConnectionManager.java:439)
	at com.alipay.remoting.rpc.RpcTaskScanner$2.run(RpcTaskScanner.java:60)
	at java.util.concurrent.Executors$RunnableAdapter.call(Executors.java:511)
	at java.util.concurrent.FutureTask.runAndReset$$$capture(FutureTask.java:308)
	at java.util.concurrent.FutureTask.runAndReset(FutureTask.java)
	at java.util.concurrent.ScheduledThreadPoolExecutor$ScheduledFutureTask.access$301(ScheduledThreadPoolExecutor.java:180)
	at java.util.concurrent.ScheduledThreadPoolExecutor$ScheduledFutureTask.run(ScheduledThreadPoolExecutor.java:294)
	at java.util.concurrent.ThreadPoolExecutor.runWorker(ThreadPoolExecutor.java:1149)
	at java.util.concurrent.ThreadPoolExecutor$Worker.run(ThreadPoolExecutor.java:624)
	at java.lang.Thread.run(Thread.java:748)
2019-05-27 19:39:31,555 ERROR [FutureTaskUtil#51] [RpcTaskScannerThread] Future task has not completed!
com.alipay.remoting.util.FutureTaskNotCompleted: null
	at com.alipay.remoting.util.RunStateRecordedFutureTask.getAfterRun(RunStateRecordedFutureTask.java:48)
	at com.alipay.remoting.util.FutureTaskUtil.getFutureTaskResult(FutureTaskUtil.java:43)
	at com.alipay.remoting.DefaultConnectionManager.getConnectionPool(DefaultConnectionManager.java:563)
	at com.alipay.remoting.DefaultConnectionManager.scan(DefaultConnectionManager.java:439)
	at com.alipay.remoting.rpc.RpcTaskScanner$2.run(RpcTaskScanner.java:60)
	at java.util.concurrent.Executors$RunnableAdapter.call(Executors.java:511)
	at java.util.concurrent.FutureTask.runAndReset$$$capture(FutureTask.java:308)
	at java.util.concurrent.FutureTask.runAndReset(FutureTask.java)
	at java.util.concurrent.ScheduledThreadPoolExecutor$ScheduledFutureTask.access$301(ScheduledThreadPoolExecutor.java:180)
	at java.util.concurrent.ScheduledThreadPoolExecutor$ScheduledFutureTask.run(ScheduledThreadPoolExecutor.java:294)
	at java.util.concurrent.ThreadPoolExecutor.runWorker(ThreadPoolExecutor.java:1149)
	at java.util.concurrent.ThreadPoolExecutor$Worker.run(ThreadPoolExecutor.java:624)
	at java.lang.Thread.run(Thread.java:748)
2019-05-27 19:39:36,921 ERROR [FutureTaskUtil#51] [RpcTaskScannerThread] Future task has not completed!
com.alipay.remoting.util.FutureTaskNotCompleted: null
	at com.alipay.remoting.util.RunStateRecordedFutureTask.getAfterRun(RunStateRecordedFutureTask.java:48)
	at com.alipay.remoting.util.FutureTaskUtil.getFutureTaskResult(FutureTaskUtil.java:43)
	at com.alipay.remoting.DefaultConnectionManager.getConnectionPool(DefaultConnectionManager.java:563)
	at com.alipay.remoting.DefaultConnectionManager.scan(DefaultConnectionManager.java:439)
	at com.alipay.remoting.rpc.RpcTaskScanner$2.run(RpcTaskScanner.java:60)
	at java.util.concurrent.Executors$RunnableAdapter.call(Executors.java:511)
	at java.util.concurrent.FutureTask.runAndReset$$$capture(FutureTask.java:308)
	at java.util.concurrent.FutureTask.runAndReset(FutureTask.java)
	at java.util.concurrent.ScheduledThreadPoolExecutor$ScheduledFutureTask.access$301(ScheduledThreadPoolExecutor.java:180)
	at java.util.concurrent.ScheduledThreadPoolExecutor$ScheduledFutureTask.run(ScheduledThreadPoolExecutor.java:294)
	at java.util.concurrent.ThreadPoolExecutor.runWorker(ThreadPoolExecutor.java:1149)
	at java.util.concurrent.ThreadPoolExecutor$Worker.run(ThreadPoolExecutor.java:624)
	at java.lang.Thread.run(Thread.java:748)
2019-05-27 19:39:56,925 ERROR [FutureTaskUtil#51] [RpcTaskScannerThread] Future task has not completed!
com.alipay.remoting.util.FutureTaskNotCompleted: null
	at com.alipay.remoting.util.RunStateRecordedFutureTask.getAfterRun(RunStateRecordedFutureTask.java:48)
	at com.alipay.remoting.util.FutureTaskUtil.getFutureTaskResult(FutureTaskUtil.java:43)
	at com.alipay.remoting.DefaultConnectionManager.getConnectionPool(DefaultConnectionManager.java:563)
	at com.alipay.remoting.DefaultConnectionManager.scan(DefaultConnectionManager.java:439)
	at com.alipay.remoting.rpc.RpcTaskScanner$2.run(RpcTaskScanner.java:60)
	at java.util.concurrent.Executors$RunnableAdapter.call(Executors.java:511)
	at java.util.concurrent.FutureTask.runAndReset$$$capture(FutureTask.java:308)
	at java.util.concurrent.FutureTask.runAndReset(FutureTask.java)
	at java.util.concurrent.ScheduledThreadPoolExecutor$ScheduledFutureTask.access$301(ScheduledThreadPoolExecutor.java:180)
	at java.util.concurrent.ScheduledThreadPoolExecutor$ScheduledFutureTask.run(ScheduledThreadPoolExecutor.java:294)
	at java.util.concurrent.ThreadPoolExecutor.runWorker(ThreadPoolExecutor.java:1149)
	at java.util.concurrent.ThreadPoolExecutor$Worker.run(ThreadPoolExecutor.java:624)
	at java.lang.Thread.run(Thread.java:748)
2019-05-27 19:40:06,929 ERROR [FutureTaskUtil#51] [RpcTaskScannerThread] Future task has not completed!
com.alipay.remoting.util.FutureTaskNotCompleted: null
	at com.alipay.remoting.util.RunStateRecordedFutureTask.getAfterRun(RunStateRecordedFutureTask.java:48)
	at com.alipay.remoting.util.FutureTaskUtil.getFutureTaskResult(FutureTaskUtil.java:43)
	at com.alipay.remoting.DefaultConnectionManager.getConnectionPool(DefaultConnectionManager.java:563)
	at com.alipay.remoting.DefaultConnectionManager.scan(DefaultConnectionManager.java:439)
	at com.alipay.remoting.rpc.RpcTaskScanner$2.run(RpcTaskScanner.java:60)
	at java.util.concurrent.Executors$RunnableAdapter.call(Executors.java:511)
	at java.util.concurrent.FutureTask.runAndReset$$$capture(FutureTask.java:308)
	at java.util.concurrent.FutureTask.runAndReset(FutureTask.java)
	at java.util.concurrent.ScheduledThreadPoolExecutor$ScheduledFutureTask.access$301(ScheduledThreadPoolExecutor.java:180)
	at java.util.concurrent.ScheduledThreadPoolExecutor$ScheduledFutureTask.run(ScheduledThreadPoolExecutor.java:294)
	at java.util.concurrent.ThreadPoolExecutor.runWorker(ThreadPoolExecutor.java:1149)
	at java.util.concurrent.ThreadPoolExecutor$Worker.run(ThreadPoolExecutor.java:624)
	at java.lang.Thread.run(Thread.java:748)
2019-05-27 19:40:16,933 ERROR [FutureTaskUtil#51] [RpcTaskScannerThread] Future task has not completed!
com.alipay.remoting.util.FutureTaskNotCompleted: null
	at com.alipay.remoting.util.RunStateRecordedFutureTask.getAfterRun(RunStateRecordedFutureTask.java:48)
	at com.alipay.remoting.util.FutureTaskUtil.getFutureTaskResult(FutureTaskUtil.java:43)
	at com.alipay.remoting.DefaultConnectionManager.getConnectionPool(DefaultConnectionManager.java:563)
	at com.alipay.remoting.DefaultConnectionManager.scan(DefaultConnectionManager.java:439)
	at com.alipay.remoting.rpc.RpcTaskScanner$2.run(RpcTaskScanner.java:60)
	at java.util.concurrent.Executors$RunnableAdapter.call(Executors.java:511)
	at java.util.concurrent.FutureTask.runAndReset$$$capture(FutureTask.java:308)
	at java.util.concurrent.FutureTask.runAndReset(FutureTask.java)
	at java.util.concurrent.ScheduledThreadPoolExecutor$ScheduledFutureTask.access$301(ScheduledThreadPoolExecutor.java:180)
	at java.util.concurrent.ScheduledThreadPoolExecutor$ScheduledFutureTask.run(ScheduledThreadPoolExecutor.java:294)
	at java.util.concurrent.ThreadPoolExecutor.runWorker(ThreadPoolExecutor.java:1149)
	at java.util.concurrent.ThreadPoolExecutor$Worker.run(ThreadPoolExecutor.java:624)
	at java.lang.Thread.run(Thread.java:748)
2019-05-27 19:40:56,943 ERROR [FutureTaskUtil#51] [RpcTaskScannerThread] Future task has not completed!
com.alipay.remoting.util.FutureTaskNotCompleted: null
	at com.alipay.remoting.util.RunStateRecordedFutureTask.getAfterRun(RunStateRecordedFutureTask.java:48)
	at com.alipay.remoting.util.FutureTaskUtil.getFutureTaskResult(FutureTaskUtil.java:43)
	at com.alipay.remoting.DefaultConnectionManager.getConnectionPool(DefaultConnectionManager.java:563)
	at com.alipay.remoting.DefaultConnectionManager.scan(DefaultConnectionManager.java:439)
	at com.alipay.remoting.rpc.RpcTaskScanner$2.run(RpcTaskScanner.java:60)
	at java.util.concurrent.Executors$RunnableAdapter.call(Executors.java:511)
	at java.util.concurrent.FutureTask.runAndReset$$$capture(FutureTask.java:308)
	at java.util.concurrent.FutureTask.runAndReset(FutureTask.java)
	at java.util.concurrent.ScheduledThreadPoolExecutor$ScheduledFutureTask.access$301(ScheduledThreadPoolExecutor.java:180)
	at java.util.concurrent.ScheduledThreadPoolExecutor$ScheduledFutureTask.run(ScheduledThreadPoolExecutor.java:294)
	at java.util.concurrent.ThreadPoolExecutor.runWorker(ThreadPoolExecutor.java:1149)
	at java.util.concurrent.ThreadPoolExecutor$Worker.run(ThreadPoolExecutor.java:624)
	at java.lang.Thread.run(Thread.java:748)
2019-05-27 19:41:06,945 ERROR [FutureTaskUtil#51] [RpcTaskScannerThread] Future task has not completed!
com.alipay.remoting.util.FutureTaskNotCompleted: null
	at com.alipay.remoting.util.RunStateRecordedFutureTask.getAfterRun(RunStateRecordedFutureTask.java:48)
	at com.alipay.remoting.util.FutureTaskUtil.getFutureTaskResult(FutureTaskUtil.java:43)
	at com.alipay.remoting.DefaultConnectionManager.getConnectionPool(DefaultConnectionManager.java:563)
	at com.alipay.remoting.DefaultConnectionManager.scan(DefaultConnectionManager.java:439)
	at com.alipay.remoting.rpc.RpcTaskScanner$2.run(RpcTaskScanner.java:60)
	at java.util.concurrent.Executors$RunnableAdapter.call(Executors.java:511)
	at java.util.concurrent.FutureTask.runAndReset$$$capture(FutureTask.java:308)
	at java.util.concurrent.FutureTask.runAndReset(FutureTask.java)
	at java.util.concurrent.ScheduledThreadPoolExecutor$ScheduledFutureTask.access$301(ScheduledThreadPoolExecutor.java:180)
	at java.util.concurrent.ScheduledThreadPoolExecutor$ScheduledFutureTask.run(ScheduledThreadPoolExecutor.java:294)
	at java.util.concurrent.ThreadPoolExecutor.runWorker(ThreadPoolExecutor.java:1149)
	at java.util.concurrent.ThreadPoolExecutor$Worker.run(ThreadPoolExecutor.java:624)
	at java.lang.Thread.run(Thread.java:748)
2019-05-27 19:41:16,946 ERROR [FutureTaskUtil#51] [RpcTaskScannerThread] Future task has not completed!
com.alipay.remoting.util.FutureTaskNotCompleted: null
	at com.alipay.remoting.util.RunStateRecordedFutureTask.getAfterRun(RunStateRecordedFutureTask.java:48)
	at com.alipay.remoting.util.FutureTaskUtil.getFutureTaskResult(FutureTaskUtil.java:43)
	at com.alipay.remoting.DefaultConnectionManager.getConnectionPool(DefaultConnectionManager.java:563)
	at com.alipay.remoting.DefaultConnectionManager.scan(DefaultConnectionManager.java:439)
	at com.alipay.remoting.rpc.RpcTaskScanner$2.run(RpcTaskScanner.java:60)
	at java.util.concurrent.Executors$RunnableAdapter.call(Executors.java:511)
	at java.util.concurrent.FutureTask.runAndReset$$$capture(FutureTask.java:308)
	at java.util.concurrent.FutureTask.runAndReset(FutureTask.java)
	at java.util.concurrent.ScheduledThreadPoolExecutor$ScheduledFutureTask.access$301(ScheduledThreadPoolExecutor.java:180)
	at java.util.concurrent.ScheduledThreadPoolExecutor$ScheduledFutureTask.run(ScheduledThreadPoolExecutor.java:294)
	at java.util.concurrent.ThreadPoolExecutor.runWorker(ThreadPoolExecutor.java:1149)
	at java.util.concurrent.ThreadPoolExecutor$Worker.run(ThreadPoolExecutor.java:624)
	at java.lang.Thread.run(Thread.java:748)
2019-05-27 19:41:26,949 ERROR [FutureTaskUtil#51] [RpcTaskScannerThread] Future task has not completed!
com.alipay.remoting.util.FutureTaskNotCompleted: null
	at com.alipay.remoting.util.RunStateRecordedFutureTask.getAfterRun(RunStateRecordedFutureTask.java:48)
	at com.alipay.remoting.util.FutureTaskUtil.getFutureTaskResult(FutureTaskUtil.java:43)
	at com.alipay.remoting.DefaultConnectionManager.getConnectionPool(DefaultConnectionManager.java:563)
	at com.alipay.remoting.DefaultConnectionManager.scan(DefaultConnectionManager.java:439)
	at com.alipay.remoting.rpc.RpcTaskScanner$2.run(RpcTaskScanner.java:60)
	at java.util.concurrent.Executors$RunnableAdapter.call(Executors.java:511)
	at java.util.concurrent.FutureTask.runAndReset$$$capture(FutureTask.java:308)
	at java.util.concurrent.FutureTask.runAndReset(FutureTask.java)
	at java.util.concurrent.ScheduledThreadPoolExecutor$ScheduledFutureTask.access$301(ScheduledThreadPoolExecutor.java:180)
	at java.util.concurrent.ScheduledThreadPoolExecutor$ScheduledFutureTask.run(ScheduledThreadPoolExecutor.java:294)
	at java.util.concurrent.ThreadPoolExecutor.runWorker(ThreadPoolExecutor.java:1149)
	at java.util.concurrent.ThreadPoolExecutor$Worker.run(ThreadPoolExecutor.java:624)
	at java.lang.Thread.run(Thread.java:748)
2019-05-27 19:41:36,951 ERROR [FutureTaskUtil#51] [RpcTaskScannerThread] Future task has not completed!
com.alipay.remoting.util.FutureTaskNotCompleted: null
	at com.alipay.remoting.util.RunStateRecordedFutureTask.getAfterRun(RunStateRecordedFutureTask.java:48)
	at com.alipay.remoting.util.FutureTaskUtil.getFutureTaskResult(FutureTaskUtil.java:43)
	at com.alipay.remoting.DefaultConnectionManager.getConnectionPool(DefaultConnectionManager.java:563)
	at com.alipay.remoting.DefaultConnectionManager.scan(DefaultConnectionManager.java:439)
	at com.alipay.remoting.rpc.RpcTaskScanner$2.run(RpcTaskScanner.java:60)
	at java.util.concurrent.Executors$RunnableAdapter.call(Executors.java:511)
	at java.util.concurrent.FutureTask.runAndReset$$$capture(FutureTask.java:308)
	at java.util.concurrent.FutureTask.runAndReset(FutureTask.java)
	at java.util.concurrent.ScheduledThreadPoolExecutor$ScheduledFutureTask.access$301(ScheduledThreadPoolExecutor.java:180)
	at java.util.concurrent.ScheduledThreadPoolExecutor$ScheduledFutureTask.run(ScheduledThreadPoolExecutor.java:294)
	at java.util.concurrent.ThreadPoolExecutor.runWorker(ThreadPoolExecutor.java:1149)
	at java.util.concurrent.ThreadPoolExecutor$Worker.run(ThreadPoolExecutor.java:624)
	at java.lang.Thread.run(Thread.java:748)
2019-05-27 19:41:46,955 ERROR [FutureTaskUtil#51] [RpcTaskScannerThread] Future task has not completed!
com.alipay.remoting.util.FutureTaskNotCompleted: null
	at com.alipay.remoting.util.RunStateRecordedFutureTask.getAfterRun(RunStateRecordedFutureTask.java:48)
	at com.alipay.remoting.util.FutureTaskUtil.getFutureTaskResult(FutureTaskUtil.java:43)
	at com.alipay.remoting.DefaultConnectionManager.getConnectionPool(DefaultConnectionManager.java:563)
	at com.alipay.remoting.DefaultConnectionManager.scan(DefaultConnectionManager.java:439)
	at com.alipay.remoting.rpc.RpcTaskScanner$2.run(RpcTaskScanner.java:60)
	at java.util.concurrent.Executors$RunnableAdapter.call(Executors.java:511)
	at java.util.concurrent.FutureTask.runAndReset$$$capture(FutureTask.java:308)
	at java.util.concurrent.FutureTask.runAndReset(FutureTask.java)
	at java.util.concurrent.ScheduledThreadPoolExecutor$ScheduledFutureTask.access$301(ScheduledThreadPoolExecutor.java:180)
	at java.util.concurrent.ScheduledThreadPoolExecutor$ScheduledFutureTask.run(ScheduledThreadPoolExecutor.java:294)
	at java.util.concurrent.ThreadPoolExecutor.runWorker(ThreadPoolExecutor.java:1149)
	at java.util.concurrent.ThreadPoolExecutor$Worker.run(ThreadPoolExecutor.java:624)
	at java.lang.Thread.run(Thread.java:748)
2019-05-27 19:42:07,003 ERROR [FutureTaskUtil#51] [RpcTaskScannerThread] Future task has not completed!
com.alipay.remoting.util.FutureTaskNotCompleted: null
	at com.alipay.remoting.util.RunStateRecordedFutureTask.getAfterRun(RunStateRecordedFutureTask.java:48)
	at com.alipay.remoting.util.FutureTaskUtil.getFutureTaskResult(FutureTaskUtil.java:43)
	at com.alipay.remoting.DefaultConnectionManager.getConnectionPool(DefaultConnectionManager.java:563)
	at com.alipay.remoting.DefaultConnectionManager.scan(DefaultConnectionManager.java:439)
	at com.alipay.remoting.rpc.RpcTaskScanner$2.run(RpcTaskScanner.java:60)
	at java.util.concurrent.Executors$RunnableAdapter.call(Executors.java:511)
	at java.util.concurrent.FutureTask.runAndReset$$$capture(FutureTask.java:308)
	at java.util.concurrent.FutureTask.runAndReset(FutureTask.java)
	at java.util.concurrent.ScheduledThreadPoolExecutor$ScheduledFutureTask.access$301(ScheduledThreadPoolExecutor.java:180)
	at java.util.concurrent.ScheduledThreadPoolExecutor$ScheduledFutureTask.run(ScheduledThreadPoolExecutor.java:294)
	at java.util.concurrent.ThreadPoolExecutor.runWorker(ThreadPoolExecutor.java:1149)
	at java.util.concurrent.ThreadPoolExecutor$Worker.run(ThreadPoolExecutor.java:624)
	at java.lang.Thread.run(Thread.java:748)
2019-05-27 19:42:17,007 ERROR [FutureTaskUtil#51] [RpcTaskScannerThread] Future task has not completed!
com.alipay.remoting.util.FutureTaskNotCompleted: null
	at com.alipay.remoting.util.RunStateRecordedFutureTask.getAfterRun(RunStateRecordedFutureTask.java:48)
	at com.alipay.remoting.util.FutureTaskUtil.getFutureTaskResult(FutureTaskUtil.java:43)
	at com.alipay.remoting.DefaultConnectionManager.getConnectionPool(DefaultConnectionManager.java:563)
	at com.alipay.remoting.DefaultConnectionManager.scan(DefaultConnectionManager.java:439)
	at com.alipay.remoting.rpc.RpcTaskScanner$2.run(RpcTaskScanner.java:60)
	at java.util.concurrent.Executors$RunnableAdapter.call(Executors.java:511)
	at java.util.concurrent.FutureTask.runAndReset$$$capture(FutureTask.java:308)
	at java.util.concurrent.FutureTask.runAndReset(FutureTask.java)
	at java.util.concurrent.ScheduledThreadPoolExecutor$ScheduledFutureTask.access$301(ScheduledThreadPoolExecutor.java:180)
	at java.util.concurrent.ScheduledThreadPoolExecutor$ScheduledFutureTask.run(ScheduledThreadPoolExecutor.java:294)
	at java.util.concurrent.ThreadPoolExecutor.runWorker(ThreadPoolExecutor.java:1149)
	at java.util.concurrent.ThreadPoolExecutor$Worker.run(ThreadPoolExecutor.java:624)
	at java.lang.Thread.run(Thread.java:748)
2019-05-27 19:42:23,263 ERROR [FutureTaskUtil#51] [RpcTaskScannerThread] Future task has not completed!
com.alipay.remoting.util.FutureTaskNotCompleted: null
	at com.alipay.remoting.util.RunStateRecordedFutureTask.getAfterRun(RunStateRecordedFutureTask.java:48)
	at com.alipay.remoting.util.FutureTaskUtil.getFutureTaskResult(FutureTaskUtil.java:43)
	at com.alipay.remoting.DefaultConnectionManager.getConnectionPool(DefaultConnectionManager.java:563)
	at com.alipay.remoting.DefaultConnectionManager.scan(DefaultConnectionManager.java:439)
	at com.alipay.remoting.rpc.RpcTaskScanner$2.run(RpcTaskScanner.java:60)
	at java.util.concurrent.Executors$RunnableAdapter.call(Executors.java:511)
	at java.util.concurrent.FutureTask.runAndReset$$$capture(FutureTask.java:308)
	at java.util.concurrent.FutureTask.runAndReset(FutureTask.java)
	at java.util.concurrent.ScheduledThreadPoolExecutor$ScheduledFutureTask.access$301(ScheduledThreadPoolExecutor.java:180)
	at java.util.concurrent.ScheduledThreadPoolExecutor$ScheduledFutureTask.run(ScheduledThreadPoolExecutor.java:294)
	at java.util.concurrent.ThreadPoolExecutor.runWorker(ThreadPoolExecutor.java:1149)
	at java.util.concurrent.ThreadPoolExecutor$Worker.run(ThreadPoolExecutor.java:624)
	at java.lang.Thread.run(Thread.java:748)
2019-05-27 19:42:33,266 ERROR [FutureTaskUtil#51] [RpcTaskScannerThread] Future task has not completed!
com.alipay.remoting.util.FutureTaskNotCompleted: null
	at com.alipay.remoting.util.RunStateRecordedFutureTask.getAfterRun(RunStateRecordedFutureTask.java:48)
	at com.alipay.remoting.util.FutureTaskUtil.getFutureTaskResult(FutureTaskUtil.java:43)
	at com.alipay.remoting.DefaultConnectionManager.getConnectionPool(DefaultConnectionManager.java:563)
	at com.alipay.remoting.DefaultConnectionManager.scan(DefaultConnectionManager.java:439)
	at com.alipay.remoting.rpc.RpcTaskScanner$2.run(RpcTaskScanner.java:60)
	at java.util.concurrent.Executors$RunnableAdapter.call(Executors.java:511)
	at java.util.concurrent.FutureTask.runAndReset$$$capture(FutureTask.java:308)
	at java.util.concurrent.FutureTask.runAndReset(FutureTask.java)
	at java.util.concurrent.ScheduledThreadPoolExecutor$ScheduledFutureTask.access$301(ScheduledThreadPoolExecutor.java:180)
	at java.util.concurrent.ScheduledThreadPoolExecutor$ScheduledFutureTask.run(ScheduledThreadPoolExecutor.java:294)
	at java.util.concurrent.ThreadPoolExecutor.runWorker(ThreadPoolExecutor.java:1149)
	at java.util.concurrent.ThreadPoolExecutor$Worker.run(ThreadPoolExecutor.java:624)
	at java.lang.Thread.run(Thread.java:748)
2019-05-27 19:42:47,015 ERROR [FutureTaskUtil#51] [RpcTaskScannerThread] Future task has not completed!
com.alipay.remoting.util.FutureTaskNotCompleted: null
	at com.alipay.remoting.util.RunStateRecordedFutureTask.getAfterRun(RunStateRecordedFutureTask.java:48)
	at com.alipay.remoting.util.FutureTaskUtil.getFutureTaskResult(FutureTaskUtil.java:43)
	at com.alipay.remoting.DefaultConnectionManager.getConnectionPool(DefaultConnectionManager.java:563)
	at com.alipay.remoting.DefaultConnectionManager.scan(DefaultConnectionManager.java:439)
	at com.alipay.remoting.rpc.RpcTaskScanner$2.run(RpcTaskScanner.java:60)
	at java.util.concurrent.Executors$RunnableAdapter.call(Executors.java:511)
	at java.util.concurrent.FutureTask.runAndReset$$$capture(FutureTask.java:308)
	at java.util.concurrent.FutureTask.runAndReset(FutureTask.java)
	at java.util.concurrent.ScheduledThreadPoolExecutor$ScheduledFutureTask.access$301(ScheduledThreadPoolExecutor.java:180)
	at java.util.concurrent.ScheduledThreadPoolExecutor$ScheduledFutureTask.run(ScheduledThreadPoolExecutor.java:294)
	at java.util.concurrent.ThreadPoolExecutor.runWorker(ThreadPoolExecutor.java:1149)
	at java.util.concurrent.ThreadPoolExecutor$Worker.run(ThreadPoolExecutor.java:624)
	at java.lang.Thread.run(Thread.java:748)
2019-05-27 19:43:03,275 ERROR [FutureTaskUtil#51] [RpcTaskScannerThread] Future task has not completed!
com.alipay.remoting.util.FutureTaskNotCompleted: null
	at com.alipay.remoting.util.RunStateRecordedFutureTask.getAfterRun(RunStateRecordedFutureTask.java:48)
	at com.alipay.remoting.util.FutureTaskUtil.getFutureTaskResult(FutureTaskUtil.java:43)
	at com.alipay.remoting.DefaultConnectionManager.getConnectionPool(DefaultConnectionManager.java:563)
	at com.alipay.remoting.DefaultConnectionManager.scan(DefaultConnectionManager.java:439)
	at com.alipay.remoting.rpc.RpcTaskScanner$2.run(RpcTaskScanner.java:60)
	at java.util.concurrent.Executors$RunnableAdapter.call(Executors.java:511)
	at java.util.concurrent.FutureTask.runAndReset$$$capture(FutureTask.java:308)
	at java.util.concurrent.FutureTask.runAndReset(FutureTask.java)
	at java.util.concurrent.ScheduledThreadPoolExecutor$ScheduledFutureTask.access$301(ScheduledThreadPoolExecutor.java:180)
	at java.util.concurrent.ScheduledThreadPoolExecutor$ScheduledFutureTask.run(ScheduledThreadPoolExecutor.java:294)
	at java.util.concurrent.ThreadPoolExecutor.runWorker(ThreadPoolExecutor.java:1149)
	at java.util.concurrent.ThreadPoolExecutor$Worker.run(ThreadPoolExecutor.java:624)
	at java.lang.Thread.run(Thread.java:748)
2019-05-27 19:43:07,022 ERROR [FutureTaskUtil#51] [RpcTaskScannerThread] Future task has not completed!
com.alipay.remoting.util.FutureTaskNotCompleted: null
	at com.alipay.remoting.util.RunStateRecordedFutureTask.getAfterRun(RunStateRecordedFutureTask.java:48)
	at com.alipay.remoting.util.FutureTaskUtil.getFutureTaskResult(FutureTaskUtil.java:43)
	at com.alipay.remoting.DefaultConnectionManager.getConnectionPool(DefaultConnectionManager.java:563)
	at com.alipay.remoting.DefaultConnectionManager.scan(DefaultConnectionManager.java:439)
	at com.alipay.remoting.rpc.RpcTaskScanner$2.run(RpcTaskScanner.java:60)
	at java.util.concurrent.Executors$RunnableAdapter.call(Executors.java:511)
	at java.util.concurrent.FutureTask.runAndReset$$$capture(FutureTask.java:308)
	at java.util.concurrent.FutureTask.runAndReset(FutureTask.java)
	at java.util.concurrent.ScheduledThreadPoolExecutor$ScheduledFutureTask.access$301(ScheduledThreadPoolExecutor.java:180)
	at java.util.concurrent.ScheduledThreadPoolExecutor$ScheduledFutureTask.run(ScheduledThreadPoolExecutor.java:294)
	at java.util.concurrent.ThreadPoolExecutor.runWorker(ThreadPoolExecutor.java:1149)
	at java.util.concurrent.ThreadPoolExecutor$Worker.run(ThreadPoolExecutor.java:624)
	at java.lang.Thread.run(Thread.java:748)
2019-05-27 19:43:23,283 ERROR [FutureTaskUtil#51] [RpcTaskScannerThread] Future task has not completed!
com.alipay.remoting.util.FutureTaskNotCompleted: null
	at com.alipay.remoting.util.RunStateRecordedFutureTask.getAfterRun(RunStateRecordedFutureTask.java:48)
	at com.alipay.remoting.util.FutureTaskUtil.getFutureTaskResult(FutureTaskUtil.java:43)
	at com.alipay.remoting.DefaultConnectionManager.getConnectionPool(DefaultConnectionManager.java:563)
	at com.alipay.remoting.DefaultConnectionManager.scan(DefaultConnectionManager.java:439)
	at com.alipay.remoting.rpc.RpcTaskScanner$2.run(RpcTaskScanner.java:60)
	at java.util.concurrent.Executors$RunnableAdapter.call(Executors.java:511)
	at java.util.concurrent.FutureTask.runAndReset$$$capture(FutureTask.java:308)
	at java.util.concurrent.FutureTask.runAndReset(FutureTask.java)
	at java.util.concurrent.ScheduledThreadPoolExecutor$ScheduledFutureTask.access$301(ScheduledThreadPoolExecutor.java:180)
	at java.util.concurrent.ScheduledThreadPoolExecutor$ScheduledFutureTask.run(ScheduledThreadPoolExecutor.java:294)
	at java.util.concurrent.ThreadPoolExecutor.runWorker(ThreadPoolExecutor.java:1149)
	at java.util.concurrent.ThreadPoolExecutor$Worker.run(ThreadPoolExecutor.java:624)
	at java.lang.Thread.run(Thread.java:748)
2019-05-27 19:43:27,031 ERROR [FutureTaskUtil#51] [RpcTaskScannerThread] Future task has not completed!
com.alipay.remoting.util.FutureTaskNotCompleted: null
	at com.alipay.remoting.util.RunStateRecordedFutureTask.getAfterRun(RunStateRecordedFutureTask.java:48)
	at com.alipay.remoting.util.FutureTaskUtil.getFutureTaskResult(FutureTaskUtil.java:43)
	at com.alipay.remoting.DefaultConnectionManager.getConnectionPool(DefaultConnectionManager.java:563)
	at com.alipay.remoting.DefaultConnectionManager.scan(DefaultConnectionManager.java:439)
	at com.alipay.remoting.rpc.RpcTaskScanner$2.run(RpcTaskScanner.java:60)
	at java.util.concurrent.Executors$RunnableAdapter.call(Executors.java:511)
	at java.util.concurrent.FutureTask.runAndReset$$$capture(FutureTask.java:308)
	at java.util.concurrent.FutureTask.runAndReset(FutureTask.java)
	at java.util.concurrent.ScheduledThreadPoolExecutor$ScheduledFutureTask.access$301(ScheduledThreadPoolExecutor.java:180)
	at java.util.concurrent.ScheduledThreadPoolExecutor$ScheduledFutureTask.run(ScheduledThreadPoolExecutor.java:294)
	at java.util.concurrent.ThreadPoolExecutor.runWorker(ThreadPoolExecutor.java:1149)
	at java.util.concurrent.ThreadPoolExecutor$Worker.run(ThreadPoolExecutor.java:624)
	at java.lang.Thread.run(Thread.java:748)
2019-05-27 19:43:33,287 ERROR [FutureTaskUtil#51] [RpcTaskScannerThread] Future task has not completed!
com.alipay.remoting.util.FutureTaskNotCompleted: null
	at com.alipay.remoting.util.RunStateRecordedFutureTask.getAfterRun(RunStateRecordedFutureTask.java:48)
	at com.alipay.remoting.util.FutureTaskUtil.getFutureTaskResult(FutureTaskUtil.java:43)
	at com.alipay.remoting.DefaultConnectionManager.getConnectionPool(DefaultConnectionManager.java:563)
	at com.alipay.remoting.DefaultConnectionManager.scan(DefaultConnectionManager.java:439)
	at com.alipay.remoting.rpc.RpcTaskScanner$2.run(RpcTaskScanner.java:60)
	at java.util.concurrent.Executors$RunnableAdapter.call(Executors.java:511)
	at java.util.concurrent.FutureTask.runAndReset$$$capture(FutureTask.java:308)
	at java.util.concurrent.FutureTask.runAndReset(FutureTask.java)
	at java.util.concurrent.ScheduledThreadPoolExecutor$ScheduledFutureTask.access$301(ScheduledThreadPoolExecutor.java:180)
	at java.util.concurrent.ScheduledThreadPoolExecutor$ScheduledFutureTask.run(ScheduledThreadPoolExecutor.java:294)
	at java.util.concurrent.ThreadPoolExecutor.runWorker(ThreadPoolExecutor.java:1149)
	at java.util.concurrent.ThreadPoolExecutor$Worker.run(ThreadPoolExecutor.java:624)
	at java.lang.Thread.run(Thread.java:748)
2019-05-27 19:43:37,035 ERROR [FutureTaskUtil#51] [RpcTaskScannerThread] Future task has not completed!
com.alipay.remoting.util.FutureTaskNotCompleted: null
	at com.alipay.remoting.util.RunStateRecordedFutureTask.getAfterRun(RunStateRecordedFutureTask.java:48)
	at com.alipay.remoting.util.FutureTaskUtil.getFutureTaskResult(FutureTaskUtil.java:43)
	at com.alipay.remoting.DefaultConnectionManager.getConnectionPool(DefaultConnectionManager.java:563)
	at com.alipay.remoting.DefaultConnectionManager.scan(DefaultConnectionManager.java:439)
	at com.alipay.remoting.rpc.RpcTaskScanner$2.run(RpcTaskScanner.java:60)
	at java.util.concurrent.Executors$RunnableAdapter.call(Executors.java:511)
	at java.util.concurrent.FutureTask.runAndReset$$$capture(FutureTask.java:308)
	at java.util.concurrent.FutureTask.runAndReset(FutureTask.java)
	at java.util.concurrent.ScheduledThreadPoolExecutor$ScheduledFutureTask.access$301(ScheduledThreadPoolExecutor.java:180)
	at java.util.concurrent.ScheduledThreadPoolExecutor$ScheduledFutureTask.run(ScheduledThreadPoolExecutor.java:294)
	at java.util.concurrent.ThreadPoolExecutor.runWorker(ThreadPoolExecutor.java:1149)
	at java.util.concurrent.ThreadPoolExecutor$Worker.run(ThreadPoolExecutor.java:624)
	at java.lang.Thread.run(Thread.java:748)
2019-05-27 19:43:43,291 ERROR [FutureTaskUtil#51] [RpcTaskScannerThread] Future task has not completed!
com.alipay.remoting.util.FutureTaskNotCompleted: null
	at com.alipay.remoting.util.RunStateRecordedFutureTask.getAfterRun(RunStateRecordedFutureTask.java:48)
	at com.alipay.remoting.util.FutureTaskUtil.getFutureTaskResult(FutureTaskUtil.java:43)
	at com.alipay.remoting.DefaultConnectionManager.getConnectionPool(DefaultConnectionManager.java:563)
	at com.alipay.remoting.DefaultConnectionManager.scan(DefaultConnectionManager.java:439)
	at com.alipay.remoting.rpc.RpcTaskScanner$2.run(RpcTaskScanner.java:60)
	at java.util.concurrent.Executors$RunnableAdapter.call(Executors.java:511)
	at java.util.concurrent.FutureTask.runAndReset$$$capture(FutureTask.java:308)
	at java.util.concurrent.FutureTask.runAndReset(FutureTask.java)
	at java.util.concurrent.ScheduledThreadPoolExecutor$ScheduledFutureTask.access$301(ScheduledThreadPoolExecutor.java:180)
	at java.util.concurrent.ScheduledThreadPoolExecutor$ScheduledFutureTask.run(ScheduledThreadPoolExecutor.java:294)
	at java.util.concurrent.ThreadPoolExecutor.runWorker(ThreadPoolExecutor.java:1149)
	at java.util.concurrent.ThreadPoolExecutor$Worker.run(ThreadPoolExecutor.java:624)
	at java.lang.Thread.run(Thread.java:748)
2019-05-27 19:43:47,040 ERROR [FutureTaskUtil#51] [RpcTaskScannerThread] Future task has not completed!
com.alipay.remoting.util.FutureTaskNotCompleted: null
	at com.alipay.remoting.util.RunStateRecordedFutureTask.getAfterRun(RunStateRecordedFutureTask.java:48)
	at com.alipay.remoting.util.FutureTaskUtil.getFutureTaskResult(FutureTaskUtil.java:43)
	at com.alipay.remoting.DefaultConnectionManager.getConnectionPool(DefaultConnectionManager.java:563)
	at com.alipay.remoting.DefaultConnectionManager.scan(DefaultConnectionManager.java:439)
	at com.alipay.remoting.rpc.RpcTaskScanner$2.run(RpcTaskScanner.java:60)
	at java.util.concurrent.Executors$RunnableAdapter.call(Executors.java:511)
	at java.util.concurrent.FutureTask.runAndReset$$$capture(FutureTask.java:308)
	at java.util.concurrent.FutureTask.runAndReset(FutureTask.java)
	at java.util.concurrent.ScheduledThreadPoolExecutor$ScheduledFutureTask.access$301(ScheduledThreadPoolExecutor.java:180)
	at java.util.concurrent.ScheduledThreadPoolExecutor$ScheduledFutureTask.run(ScheduledThreadPoolExecutor.java:294)
	at java.util.concurrent.ThreadPoolExecutor.runWorker(ThreadPoolExecutor.java:1149)
	at java.util.concurrent.ThreadPoolExecutor$Worker.run(ThreadPoolExecutor.java:624)
	at java.lang.Thread.run(Thread.java:748)
2019-05-27 19:44:05,712 ERROR [FutureTaskUtil#51] [RpcTaskScannerThread] Future task has not completed!
com.alipay.remoting.util.FutureTaskNotCompleted: null
	at com.alipay.remoting.util.RunStateRecordedFutureTask.getAfterRun(RunStateRecordedFutureTask.java:48)
	at com.alipay.remoting.util.FutureTaskUtil.getFutureTaskResult(FutureTaskUtil.java:43)
	at com.alipay.remoting.DefaultConnectionManager.getConnectionPool(DefaultConnectionManager.java:563)
	at com.alipay.remoting.DefaultConnectionManager.scan(DefaultConnectionManager.java:439)
	at com.alipay.remoting.rpc.RpcTaskScanner$2.run(RpcTaskScanner.java:60)
	at java.util.concurrent.Executors$RunnableAdapter.call(Executors.java:511)
	at java.util.concurrent.FutureTask.runAndReset$$$capture(FutureTask.java:308)
	at java.util.concurrent.FutureTask.runAndReset(FutureTask.java)
	at java.util.concurrent.ScheduledThreadPoolExecutor$ScheduledFutureTask.access$301(ScheduledThreadPoolExecutor.java:180)
	at java.util.concurrent.ScheduledThreadPoolExecutor$ScheduledFutureTask.run(ScheduledThreadPoolExecutor.java:294)
	at java.util.concurrent.ThreadPoolExecutor.runWorker(ThreadPoolExecutor.java:1149)
	at java.util.concurrent.ThreadPoolExecutor$Worker.run(ThreadPoolExecutor.java:624)
	at java.lang.Thread.run(Thread.java:748)
2019-05-27 19:44:15,715 ERROR [FutureTaskUtil#51] [RpcTaskScannerThread] Future task has not completed!
com.alipay.remoting.util.FutureTaskNotCompleted: null
	at com.alipay.remoting.util.RunStateRecordedFutureTask.getAfterRun(RunStateRecordedFutureTask.java:48)
	at com.alipay.remoting.util.FutureTaskUtil.getFutureTaskResult(FutureTaskUtil.java:43)
	at com.alipay.remoting.DefaultConnectionManager.getConnectionPool(DefaultConnectionManager.java:563)
	at com.alipay.remoting.DefaultConnectionManager.scan(DefaultConnectionManager.java:439)
	at com.alipay.remoting.rpc.RpcTaskScanner$2.run(RpcTaskScanner.java:60)
	at java.util.concurrent.Executors$RunnableAdapter.call(Executors.java:511)
	at java.util.concurrent.FutureTask.runAndReset$$$capture(FutureTask.java:308)
	at java.util.concurrent.FutureTask.runAndReset(FutureTask.java)
	at java.util.concurrent.ScheduledThreadPoolExecutor$ScheduledFutureTask.access$301(ScheduledThreadPoolExecutor.java:180)
	at java.util.concurrent.ScheduledThreadPoolExecutor$ScheduledFutureTask.run(ScheduledThreadPoolExecutor.java:294)
	at java.util.concurrent.ThreadPoolExecutor.runWorker(ThreadPoolExecutor.java:1149)
	at java.util.concurrent.ThreadPoolExecutor$Worker.run(ThreadPoolExecutor.java:624)
	at java.lang.Thread.run(Thread.java:748)
2019-05-27 19:44:43,307 ERROR [FutureTaskUtil#51] [RpcTaskScannerThread] Future task has not completed!
com.alipay.remoting.util.FutureTaskNotCompleted: null
	at com.alipay.remoting.util.RunStateRecordedFutureTask.getAfterRun(RunStateRecordedFutureTask.java:48)
	at com.alipay.remoting.util.FutureTaskUtil.getFutureTaskResult(FutureTaskUtil.java:43)
	at com.alipay.remoting.DefaultConnectionManager.getConnectionPool(DefaultConnectionManager.java:563)
	at com.alipay.remoting.DefaultConnectionManager.scan(DefaultConnectionManager.java:439)
	at com.alipay.remoting.rpc.RpcTaskScanner$2.run(RpcTaskScanner.java:60)
	at java.util.concurrent.Executors$RunnableAdapter.call(Executors.java:511)
	at java.util.concurrent.FutureTask.runAndReset$$$capture(FutureTask.java:308)
	at java.util.concurrent.FutureTask.runAndReset(FutureTask.java)
	at java.util.concurrent.ScheduledThreadPoolExecutor$ScheduledFutureTask.access$301(ScheduledThreadPoolExecutor.java:180)
	at java.util.concurrent.ScheduledThreadPoolExecutor$ScheduledFutureTask.run(ScheduledThreadPoolExecutor.java:294)
	at java.util.concurrent.ThreadPoolExecutor.runWorker(ThreadPoolExecutor.java:1149)
	at java.util.concurrent.ThreadPoolExecutor$Worker.run(ThreadPoolExecutor.java:624)
	at java.lang.Thread.run(Thread.java:748)
2019-05-27 19:44:45,727 ERROR [FutureTaskUtil#51] [RpcTaskScannerThread] Future task has not completed!
com.alipay.remoting.util.FutureTaskNotCompleted: null
	at com.alipay.remoting.util.RunStateRecordedFutureTask.getAfterRun(RunStateRecordedFutureTask.java:48)
	at com.alipay.remoting.util.FutureTaskUtil.getFutureTaskResult(FutureTaskUtil.java:43)
	at com.alipay.remoting.DefaultConnectionManager.getConnectionPool(DefaultConnectionManager.java:563)
	at com.alipay.remoting.DefaultConnectionManager.scan(DefaultConnectionManager.java:439)
	at com.alipay.remoting.rpc.RpcTaskScanner$2.run(RpcTaskScanner.java:60)
	at java.util.concurrent.Executors$RunnableAdapter.call(Executors.java:511)
	at java.util.concurrent.FutureTask.runAndReset$$$capture(FutureTask.java:308)
	at java.util.concurrent.FutureTask.runAndReset(FutureTask.java)
	at java.util.concurrent.ScheduledThreadPoolExecutor$ScheduledFutureTask.access$301(ScheduledThreadPoolExecutor.java:180)
	at java.util.concurrent.ScheduledThreadPoolExecutor$ScheduledFutureTask.run(ScheduledThreadPoolExecutor.java:294)
	at java.util.concurrent.ThreadPoolExecutor.runWorker(ThreadPoolExecutor.java:1149)
	at java.util.concurrent.ThreadPoolExecutor$Worker.run(ThreadPoolExecutor.java:624)
	at java.lang.Thread.run(Thread.java:748)
2019-05-27 19:44:55,732 ERROR [FutureTaskUtil#51] [RpcTaskScannerThread] Future task has not completed!
com.alipay.remoting.util.FutureTaskNotCompleted: null
	at com.alipay.remoting.util.RunStateRecordedFutureTask.getAfterRun(RunStateRecordedFutureTask.java:48)
	at com.alipay.remoting.util.FutureTaskUtil.getFutureTaskResult(FutureTaskUtil.java:43)
	at com.alipay.remoting.DefaultConnectionManager.getConnectionPool(DefaultConnectionManager.java:563)
	at com.alipay.remoting.DefaultConnectionManager.scan(DefaultConnectionManager.java:439)
	at com.alipay.remoting.rpc.RpcTaskScanner$2.run(RpcTaskScanner.java:60)
	at java.util.concurrent.Executors$RunnableAdapter.call(Executors.java:511)
	at java.util.concurrent.FutureTask.runAndReset$$$capture(FutureTask.java:308)
	at java.util.concurrent.FutureTask.runAndReset(FutureTask.java)
	at java.util.concurrent.ScheduledThreadPoolExecutor$ScheduledFutureTask.access$301(ScheduledThreadPoolExecutor.java:180)
	at java.util.concurrent.ScheduledThreadPoolExecutor$ScheduledFutureTask.run(ScheduledThreadPoolExecutor.java:294)
	at java.util.concurrent.ThreadPoolExecutor.runWorker(ThreadPoolExecutor.java:1149)
	at java.util.concurrent.ThreadPoolExecutor$Worker.run(ThreadPoolExecutor.java:624)
	at java.lang.Thread.run(Thread.java:748)
2019-05-27 19:45:15,739 ERROR [FutureTaskUtil#51] [RpcTaskScannerThread] Future task has not completed!
com.alipay.remoting.util.FutureTaskNotCompleted: null
	at com.alipay.remoting.util.RunStateRecordedFutureTask.getAfterRun(RunStateRecordedFutureTask.java:48)
	at com.alipay.remoting.util.FutureTaskUtil.getFutureTaskResult(FutureTaskUtil.java:43)
	at com.alipay.remoting.DefaultConnectionManager.getConnectionPool(DefaultConnectionManager.java:563)
	at com.alipay.remoting.DefaultConnectionManager.scan(DefaultConnectionManager.java:439)
	at com.alipay.remoting.rpc.RpcTaskScanner$2.run(RpcTaskScanner.java:60)
	at java.util.concurrent.Executors$RunnableAdapter.call(Executors.java:511)
	at java.util.concurrent.FutureTask.runAndReset$$$capture(FutureTask.java:308)
	at java.util.concurrent.FutureTask.runAndReset(FutureTask.java)
	at java.util.concurrent.ScheduledThreadPoolExecutor$ScheduledFutureTask.access$301(ScheduledThreadPoolExecutor.java:180)
	at java.util.concurrent.ScheduledThreadPoolExecutor$ScheduledFutureTask.run(ScheduledThreadPoolExecutor.java:294)
	at java.util.concurrent.ThreadPoolExecutor.runWorker(ThreadPoolExecutor.java:1149)
	at java.util.concurrent.ThreadPoolExecutor$Worker.run(ThreadPoolExecutor.java:624)
	at java.lang.Thread.run(Thread.java:748)
2019-05-27 19:45:25,743 ERROR [FutureTaskUtil#51] [RpcTaskScannerThread] Future task has not completed!
com.alipay.remoting.util.FutureTaskNotCompleted: null
	at com.alipay.remoting.util.RunStateRecordedFutureTask.getAfterRun(RunStateRecordedFutureTask.java:48)
	at com.alipay.remoting.util.FutureTaskUtil.getFutureTaskResult(FutureTaskUtil.java:43)
	at com.alipay.remoting.DefaultConnectionManager.getConnectionPool(DefaultConnectionManager.java:563)
	at com.alipay.remoting.DefaultConnectionManager.scan(DefaultConnectionManager.java:439)
	at com.alipay.remoting.rpc.RpcTaskScanner$2.run(RpcTaskScanner.java:60)
	at java.util.concurrent.Executors$RunnableAdapter.call(Executors.java:511)
	at java.util.concurrent.FutureTask.runAndReset$$$capture(FutureTask.java:308)
	at java.util.concurrent.FutureTask.runAndReset(FutureTask.java)
	at java.util.concurrent.ScheduledThreadPoolExecutor$ScheduledFutureTask.access$301(ScheduledThreadPoolExecutor.java:180)
	at java.util.concurrent.ScheduledThreadPoolExecutor$ScheduledFutureTask.run(ScheduledThreadPoolExecutor.java:294)
	at java.util.concurrent.ThreadPoolExecutor.runWorker(ThreadPoolExecutor.java:1149)
	at java.util.concurrent.ThreadPoolExecutor$Worker.run(ThreadPoolExecutor.java:624)
	at java.lang.Thread.run(Thread.java:748)
2019-05-27 19:45:35,745 ERROR [FutureTaskUtil#51] [RpcTaskScannerThread] Future task has not completed!
com.alipay.remoting.util.FutureTaskNotCompleted: null
	at com.alipay.remoting.util.RunStateRecordedFutureTask.getAfterRun(RunStateRecordedFutureTask.java:48)
	at com.alipay.remoting.util.FutureTaskUtil.getFutureTaskResult(FutureTaskUtil.java:43)
	at com.alipay.remoting.DefaultConnectionManager.getConnectionPool(DefaultConnectionManager.java:563)
	at com.alipay.remoting.DefaultConnectionManager.scan(DefaultConnectionManager.java:439)
	at com.alipay.remoting.rpc.RpcTaskScanner$2.run(RpcTaskScanner.java:60)
	at java.util.concurrent.Executors$RunnableAdapter.call(Executors.java:511)
	at java.util.concurrent.FutureTask.runAndReset$$$capture(FutureTask.java:308)
	at java.util.concurrent.FutureTask.runAndReset(FutureTask.java)
	at java.util.concurrent.ScheduledThreadPoolExecutor$ScheduledFutureTask.access$301(ScheduledThreadPoolExecutor.java:180)
	at java.util.concurrent.ScheduledThreadPoolExecutor$ScheduledFutureTask.run(ScheduledThreadPoolExecutor.java:294)
	at java.util.concurrent.ThreadPoolExecutor.runWorker(ThreadPoolExecutor.java:1149)
	at java.util.concurrent.ThreadPoolExecutor$Worker.run(ThreadPoolExecutor.java:624)
	at java.lang.Thread.run(Thread.java:748)
2019-05-27 19:45:43,325 ERROR [FutureTaskUtil#51] [RpcTaskScannerThread] Future task has not completed!
com.alipay.remoting.util.FutureTaskNotCompleted: null
	at com.alipay.remoting.util.RunStateRecordedFutureTask.getAfterRun(RunStateRecordedFutureTask.java:48)
	at com.alipay.remoting.util.FutureTaskUtil.getFutureTaskResult(FutureTaskUtil.java:43)
	at com.alipay.remoting.DefaultConnectionManager.getConnectionPool(DefaultConnectionManager.java:563)
	at com.alipay.remoting.DefaultConnectionManager.scan(DefaultConnectionManager.java:439)
	at com.alipay.remoting.rpc.RpcTaskScanner$2.run(RpcTaskScanner.java:60)
	at java.util.concurrent.Executors$RunnableAdapter.call(Executors.java:511)
	at java.util.concurrent.FutureTask.runAndReset$$$capture(FutureTask.java:308)
	at java.util.concurrent.FutureTask.runAndReset(FutureTask.java)
	at java.util.concurrent.ScheduledThreadPoolExecutor$ScheduledFutureTask.access$301(ScheduledThreadPoolExecutor.java:180)
	at java.util.concurrent.ScheduledThreadPoolExecutor$ScheduledFutureTask.run(ScheduledThreadPoolExecutor.java:294)
	at java.util.concurrent.ThreadPoolExecutor.runWorker(ThreadPoolExecutor.java:1149)
	at java.util.concurrent.ThreadPoolExecutor$Worker.run(ThreadPoolExecutor.java:624)
	at java.lang.Thread.run(Thread.java:748)
2019-05-27 19:45:55,747 ERROR [FutureTaskUtil#51] [RpcTaskScannerThread] Future task has not completed!
com.alipay.remoting.util.FutureTaskNotCompleted: null
	at com.alipay.remoting.util.RunStateRecordedFutureTask.getAfterRun(RunStateRecordedFutureTask.java:48)
	at com.alipay.remoting.util.FutureTaskUtil.getFutureTaskResult(FutureTaskUtil.java:43)
	at com.alipay.remoting.DefaultConnectionManager.getConnectionPool(DefaultConnectionManager.java:563)
	at com.alipay.remoting.DefaultConnectionManager.scan(DefaultConnectionManager.java:439)
	at com.alipay.remoting.rpc.RpcTaskScanner$2.run(RpcTaskScanner.java:60)
	at java.util.concurrent.Executors$RunnableAdapter.call(Executors.java:511)
	at java.util.concurrent.FutureTask.runAndReset$$$capture(FutureTask.java:308)
	at java.util.concurrent.FutureTask.runAndReset(FutureTask.java)
	at java.util.concurrent.ScheduledThreadPoolExecutor$ScheduledFutureTask.access$301(ScheduledThreadPoolExecutor.java:180)
	at java.util.concurrent.ScheduledThreadPoolExecutor$ScheduledFutureTask.run(ScheduledThreadPoolExecutor.java:294)
	at java.util.concurrent.ThreadPoolExecutor.runWorker(ThreadPoolExecutor.java:1149)
	at java.util.concurrent.ThreadPoolExecutor$Worker.run(ThreadPoolExecutor.java:624)
	at java.lang.Thread.run(Thread.java:748)
2019-05-27 19:46:15,753 ERROR [FutureTaskUtil#51] [RpcTaskScannerThread] Future task has not completed!
com.alipay.remoting.util.FutureTaskNotCompleted: null
	at com.alipay.remoting.util.RunStateRecordedFutureTask.getAfterRun(RunStateRecordedFutureTask.java:48)
	at com.alipay.remoting.util.FutureTaskUtil.getFutureTaskResult(FutureTaskUtil.java:43)
	at com.alipay.remoting.DefaultConnectionManager.getConnectionPool(DefaultConnectionManager.java:563)
	at com.alipay.remoting.DefaultConnectionManager.scan(DefaultConnectionManager.java:439)
	at com.alipay.remoting.rpc.RpcTaskScanner$2.run(RpcTaskScanner.java:60)
	at java.util.concurrent.Executors$RunnableAdapter.call(Executors.java:511)
	at java.util.concurrent.FutureTask.runAndReset$$$capture(FutureTask.java:308)
	at java.util.concurrent.FutureTask.runAndReset(FutureTask.java)
	at java.util.concurrent.ScheduledThreadPoolExecutor$ScheduledFutureTask.access$301(ScheduledThreadPoolExecutor.java:180)
	at java.util.concurrent.ScheduledThreadPoolExecutor$ScheduledFutureTask.run(ScheduledThreadPoolExecutor.java:294)
	at java.util.concurrent.ThreadPoolExecutor.runWorker(ThreadPoolExecutor.java:1149)
	at java.util.concurrent.ThreadPoolExecutor$Worker.run(ThreadPoolExecutor.java:624)
	at java.lang.Thread.run(Thread.java:748)
2019-05-27 19:46:25,758 ERROR [FutureTaskUtil#51] [RpcTaskScannerThread] Future task has not completed!
com.alipay.remoting.util.FutureTaskNotCompleted: null
	at com.alipay.remoting.util.RunStateRecordedFutureTask.getAfterRun(RunStateRecordedFutureTask.java:48)
	at com.alipay.remoting.util.FutureTaskUtil.getFutureTaskResult(FutureTaskUtil.java:43)
	at com.alipay.remoting.DefaultConnectionManager.getConnectionPool(DefaultConnectionManager.java:563)
	at com.alipay.remoting.DefaultConnectionManager.scan(DefaultConnectionManager.java:439)
	at com.alipay.remoting.rpc.RpcTaskScanner$2.run(RpcTaskScanner.java:60)
	at java.util.concurrent.Executors$RunnableAdapter.call(Executors.java:511)
	at java.util.concurrent.FutureTask.runAndReset$$$capture(FutureTask.java:308)
	at java.util.concurrent.FutureTask.runAndReset(FutureTask.java)
	at java.util.concurrent.ScheduledThreadPoolExecutor$ScheduledFutureTask.access$301(ScheduledThreadPoolExecutor.java:180)
	at java.util.concurrent.ScheduledThreadPoolExecutor$ScheduledFutureTask.run(ScheduledThreadPoolExecutor.java:294)
	at java.util.concurrent.ThreadPoolExecutor.runWorker(ThreadPoolExecutor.java:1149)
	at java.util.concurrent.ThreadPoolExecutor$Worker.run(ThreadPoolExecutor.java:624)
	at java.lang.Thread.run(Thread.java:748)
2019-05-27 19:46:35,762 ERROR [FutureTaskUtil#51] [RpcTaskScannerThread] Future task has not completed!
com.alipay.remoting.util.FutureTaskNotCompleted: null
	at com.alipay.remoting.util.RunStateRecordedFutureTask.getAfterRun(RunStateRecordedFutureTask.java:48)
	at com.alipay.remoting.util.FutureTaskUtil.getFutureTaskResult(FutureTaskUtil.java:43)
	at com.alipay.remoting.DefaultConnectionManager.getConnectionPool(DefaultConnectionManager.java:563)
	at com.alipay.remoting.DefaultConnectionManager.scan(DefaultConnectionManager.java:439)
	at com.alipay.remoting.rpc.RpcTaskScanner$2.run(RpcTaskScanner.java:60)
	at java.util.concurrent.Executors$RunnableAdapter.call(Executors.java:511)
	at java.util.concurrent.FutureTask.runAndReset$$$capture(FutureTask.java:308)
	at java.util.concurrent.FutureTask.runAndReset(FutureTask.java)
	at java.util.concurrent.ScheduledThreadPoolExecutor$ScheduledFutureTask.access$301(ScheduledThreadPoolExecutor.java:180)
	at java.util.concurrent.ScheduledThreadPoolExecutor$ScheduledFutureTask.run(ScheduledThreadPoolExecutor.java:294)
	at java.util.concurrent.ThreadPoolExecutor.runWorker(ThreadPoolExecutor.java:1149)
	at java.util.concurrent.ThreadPoolExecutor$Worker.run(ThreadPoolExecutor.java:624)
	at java.lang.Thread.run(Thread.java:748)
2019-05-27 19:47:03,351 ERROR [FutureTaskUtil#51] [RpcTaskScannerThread] Future task has not completed!
com.alipay.remoting.util.FutureTaskNotCompleted: null
	at com.alipay.remoting.util.RunStateRecordedFutureTask.getAfterRun(RunStateRecordedFutureTask.java:48)
	at com.alipay.remoting.util.FutureTaskUtil.getFutureTaskResult(FutureTaskUtil.java:43)
	at com.alipay.remoting.DefaultConnectionManager.getConnectionPool(DefaultConnectionManager.java:563)
	at com.alipay.remoting.DefaultConnectionManager.scan(DefaultConnectionManager.java:439)
	at com.alipay.remoting.rpc.RpcTaskScanner$2.run(RpcTaskScanner.java:60)
	at java.util.concurrent.Executors$RunnableAdapter.call(Executors.java:511)
	at java.util.concurrent.FutureTask.runAndReset$$$capture(FutureTask.java:308)
	at java.util.concurrent.FutureTask.runAndReset(FutureTask.java)
	at java.util.concurrent.ScheduledThreadPoolExecutor$ScheduledFutureTask.access$301(ScheduledThreadPoolExecutor.java:180)
	at java.util.concurrent.ScheduledThreadPoolExecutor$ScheduledFutureTask.run(ScheduledThreadPoolExecutor.java:294)
	at java.util.concurrent.ThreadPoolExecutor.runWorker(ThreadPoolExecutor.java:1149)
	at java.util.concurrent.ThreadPoolExecutor$Worker.run(ThreadPoolExecutor.java:624)
	at java.lang.Thread.run(Thread.java:748)
2019-05-27 19:47:13,355 ERROR [FutureTaskUtil#51] [RpcTaskScannerThread] Future task has not completed!
com.alipay.remoting.util.FutureTaskNotCompleted: null
	at com.alipay.remoting.util.RunStateRecordedFutureTask.getAfterRun(RunStateRecordedFutureTask.java:48)
	at com.alipay.remoting.util.FutureTaskUtil.getFutureTaskResult(FutureTaskUtil.java:43)
	at com.alipay.remoting.DefaultConnectionManager.getConnectionPool(DefaultConnectionManager.java:563)
	at com.alipay.remoting.DefaultConnectionManager.scan(DefaultConnectionManager.java:439)
	at com.alipay.remoting.rpc.RpcTaskScanner$2.run(RpcTaskScanner.java:60)
	at java.util.concurrent.Executors$RunnableAdapter.call(Executors.java:511)
	at java.util.concurrent.FutureTask.runAndReset$$$capture(FutureTask.java:308)
	at java.util.concurrent.FutureTask.runAndReset(FutureTask.java)
	at java.util.concurrent.ScheduledThreadPoolExecutor$ScheduledFutureTask.access$301(ScheduledThreadPoolExecutor.java:180)
	at java.util.concurrent.ScheduledThreadPoolExecutor$ScheduledFutureTask.run(ScheduledThreadPoolExecutor.java:294)
	at java.util.concurrent.ThreadPoolExecutor.runWorker(ThreadPoolExecutor.java:1149)
	at java.util.concurrent.ThreadPoolExecutor$Worker.run(ThreadPoolExecutor.java:624)
	at java.lang.Thread.run(Thread.java:748)
2019-05-27 19:47:43,367 ERROR [FutureTaskUtil#51] [RpcTaskScannerThread] Future task has not completed!
com.alipay.remoting.util.FutureTaskNotCompleted: null
	at com.alipay.remoting.util.RunStateRecordedFutureTask.getAfterRun(RunStateRecordedFutureTask.java:48)
	at com.alipay.remoting.util.FutureTaskUtil.getFutureTaskResult(FutureTaskUtil.java:43)
	at com.alipay.remoting.DefaultConnectionManager.getConnectionPool(DefaultConnectionManager.java:563)
	at com.alipay.remoting.DefaultConnectionManager.scan(DefaultConnectionManager.java:439)
	at com.alipay.remoting.rpc.RpcTaskScanner$2.run(RpcTaskScanner.java:60)
	at java.util.concurrent.Executors$RunnableAdapter.call(Executors.java:511)
	at java.util.concurrent.FutureTask.runAndReset$$$capture(FutureTask.java:308)
	at java.util.concurrent.FutureTask.runAndReset(FutureTask.java)
	at java.util.concurrent.ScheduledThreadPoolExecutor$ScheduledFutureTask.access$301(ScheduledThreadPoolExecutor.java:180)
	at java.util.concurrent.ScheduledThreadPoolExecutor$ScheduledFutureTask.run(ScheduledThreadPoolExecutor.java:294)
	at java.util.concurrent.ThreadPoolExecutor.runWorker(ThreadPoolExecutor.java:1149)
	at java.util.concurrent.ThreadPoolExecutor$Worker.run(ThreadPoolExecutor.java:624)
	at java.lang.Thread.run(Thread.java:748)
2019-05-27 19:47:45,782 ERROR [FutureTaskUtil#51] [RpcTaskScannerThread] Future task has not completed!
com.alipay.remoting.util.FutureTaskNotCompleted: null
	at com.alipay.remoting.util.RunStateRecordedFutureTask.getAfterRun(RunStateRecordedFutureTask.java:48)
	at com.alipay.remoting.util.FutureTaskUtil.getFutureTaskResult(FutureTaskUtil.java:43)
	at com.alipay.remoting.DefaultConnectionManager.getConnectionPool(DefaultConnectionManager.java:563)
	at com.alipay.remoting.DefaultConnectionManager.scan(DefaultConnectionManager.java:439)
	at com.alipay.remoting.rpc.RpcTaskScanner$2.run(RpcTaskScanner.java:60)
	at java.util.concurrent.Executors$RunnableAdapter.call(Executors.java:511)
	at java.util.concurrent.FutureTask.runAndReset$$$capture(FutureTask.java:308)
	at java.util.concurrent.FutureTask.runAndReset(FutureTask.java)
	at java.util.concurrent.ScheduledThreadPoolExecutor$ScheduledFutureTask.access$301(ScheduledThreadPoolExecutor.java:180)
	at java.util.concurrent.ScheduledThreadPoolExecutor$ScheduledFutureTask.run(ScheduledThreadPoolExecutor.java:294)
	at java.util.concurrent.ThreadPoolExecutor.runWorker(ThreadPoolExecutor.java:1149)
	at java.util.concurrent.ThreadPoolExecutor$Worker.run(ThreadPoolExecutor.java:624)
	at java.lang.Thread.run(Thread.java:748)
2019-05-27 19:47:55,783 ERROR [FutureTaskUtil#51] [RpcTaskScannerThread] Future task has not completed!
com.alipay.remoting.util.FutureTaskNotCompleted: null
	at com.alipay.remoting.util.RunStateRecordedFutureTask.getAfterRun(RunStateRecordedFutureTask.java:48)
	at com.alipay.remoting.util.FutureTaskUtil.getFutureTaskResult(FutureTaskUtil.java:43)
	at com.alipay.remoting.DefaultConnectionManager.getConnectionPool(DefaultConnectionManager.java:563)
	at com.alipay.remoting.DefaultConnectionManager.scan(DefaultConnectionManager.java:439)
	at com.alipay.remoting.rpc.RpcTaskScanner$2.run(RpcTaskScanner.java:60)
	at java.util.concurrent.Executors$RunnableAdapter.call(Executors.java:511)
	at java.util.concurrent.FutureTask.runAndReset$$$capture(FutureTask.java:308)
	at java.util.concurrent.FutureTask.runAndReset(FutureTask.java)
	at java.util.concurrent.ScheduledThreadPoolExecutor$ScheduledFutureTask.access$301(ScheduledThreadPoolExecutor.java:180)
	at java.util.concurrent.ScheduledThreadPoolExecutor$ScheduledFutureTask.run(ScheduledThreadPoolExecutor.java:294)
	at java.util.concurrent.ThreadPoolExecutor.runWorker(ThreadPoolExecutor.java:1149)
	at java.util.concurrent.ThreadPoolExecutor$Worker.run(ThreadPoolExecutor.java:624)
	at java.lang.Thread.run(Thread.java:748)
2019-05-27 19:48:05,785 ERROR [FutureTaskUtil#51] [RpcTaskScannerThread] Future task has not completed!
com.alipay.remoting.util.FutureTaskNotCompleted: null
	at com.alipay.remoting.util.RunStateRecordedFutureTask.getAfterRun(RunStateRecordedFutureTask.java:48)
	at com.alipay.remoting.util.FutureTaskUtil.getFutureTaskResult(FutureTaskUtil.java:43)
	at com.alipay.remoting.DefaultConnectionManager.getConnectionPool(DefaultConnectionManager.java:563)
	at com.alipay.remoting.DefaultConnectionManager.scan(DefaultConnectionManager.java:439)
	at com.alipay.remoting.rpc.RpcTaskScanner$2.run(RpcTaskScanner.java:60)
	at java.util.concurrent.Executors$RunnableAdapter.call(Executors.java:511)
	at java.util.concurrent.FutureTask.runAndReset$$$capture(FutureTask.java:308)
	at java.util.concurrent.FutureTask.runAndReset(FutureTask.java)
	at java.util.concurrent.ScheduledThreadPoolExecutor$ScheduledFutureTask.access$301(ScheduledThreadPoolExecutor.java:180)
	at java.util.concurrent.ScheduledThreadPoolExecutor$ScheduledFutureTask.run(ScheduledThreadPoolExecutor.java:294)
	at java.util.concurrent.ThreadPoolExecutor.runWorker(ThreadPoolExecutor.java:1149)
	at java.util.concurrent.ThreadPoolExecutor$Worker.run(ThreadPoolExecutor.java:624)
	at java.lang.Thread.run(Thread.java:748)
2019-05-27 19:48:35,795 ERROR [FutureTaskUtil#51] [RpcTaskScannerThread] Future task has not completed!
com.alipay.remoting.util.FutureTaskNotCompleted: null
	at com.alipay.remoting.util.RunStateRecordedFutureTask.getAfterRun(RunStateRecordedFutureTask.java:48)
	at com.alipay.remoting.util.FutureTaskUtil.getFutureTaskResult(FutureTaskUtil.java:43)
	at com.alipay.remoting.DefaultConnectionManager.getConnectionPool(DefaultConnectionManager.java:563)
	at com.alipay.remoting.DefaultConnectionManager.scan(DefaultConnectionManager.java:439)
	at com.alipay.remoting.rpc.RpcTaskScanner$2.run(RpcTaskScanner.java:60)
	at java.util.concurrent.Executors$RunnableAdapter.call(Executors.java:511)
	at java.util.concurrent.FutureTask.runAndReset$$$capture(FutureTask.java:308)
	at java.util.concurrent.FutureTask.runAndReset(FutureTask.java)
	at java.util.concurrent.ScheduledThreadPoolExecutor$ScheduledFutureTask.access$301(ScheduledThreadPoolExecutor.java:180)
	at java.util.concurrent.ScheduledThreadPoolExecutor$ScheduledFutureTask.run(ScheduledThreadPoolExecutor.java:294)
	at java.util.concurrent.ThreadPoolExecutor.runWorker(ThreadPoolExecutor.java:1149)
	at java.util.concurrent.ThreadPoolExecutor$Worker.run(ThreadPoolExecutor.java:624)
	at java.lang.Thread.run(Thread.java:748)
2019-05-27 19:48:43,382 ERROR [FutureTaskUtil#51] [RpcTaskScannerThread] Future task has not completed!
com.alipay.remoting.util.FutureTaskNotCompleted: null
	at com.alipay.remoting.util.RunStateRecordedFutureTask.getAfterRun(RunStateRecordedFutureTask.java:48)
	at com.alipay.remoting.util.FutureTaskUtil.getFutureTaskResult(FutureTaskUtil.java:43)
	at com.alipay.remoting.DefaultConnectionManager.getConnectionPool(DefaultConnectionManager.java:563)
	at com.alipay.remoting.DefaultConnectionManager.scan(DefaultConnectionManager.java:439)
	at com.alipay.remoting.rpc.RpcTaskScanner$2.run(RpcTaskScanner.java:60)
	at java.util.concurrent.Executors$RunnableAdapter.call(Executors.java:511)
	at java.util.concurrent.FutureTask.runAndReset$$$capture(FutureTask.java:308)
	at java.util.concurrent.FutureTask.runAndReset(FutureTask.java)
	at java.util.concurrent.ScheduledThreadPoolExecutor$ScheduledFutureTask.access$301(ScheduledThreadPoolExecutor.java:180)
	at java.util.concurrent.ScheduledThreadPoolExecutor$ScheduledFutureTask.run(ScheduledThreadPoolExecutor.java:294)
	at java.util.concurrent.ThreadPoolExecutor.runWorker(ThreadPoolExecutor.java:1149)
	at java.util.concurrent.ThreadPoolExecutor$Worker.run(ThreadPoolExecutor.java:624)
	at java.lang.Thread.run(Thread.java:748)
2019-05-27 19:48:45,799 ERROR [FutureTaskUtil#51] [RpcTaskScannerThread] Future task has not completed!
com.alipay.remoting.util.FutureTaskNotCompleted: null
	at com.alipay.remoting.util.RunStateRecordedFutureTask.getAfterRun(RunStateRecordedFutureTask.java:48)
	at com.alipay.remoting.util.FutureTaskUtil.getFutureTaskResult(FutureTaskUtil.java:43)
	at com.alipay.remoting.DefaultConnectionManager.getConnectionPool(DefaultConnectionManager.java:563)
	at com.alipay.remoting.DefaultConnectionManager.scan(DefaultConnectionManager.java:439)
	at com.alipay.remoting.rpc.RpcTaskScanner$2.run(RpcTaskScanner.java:60)
	at java.util.concurrent.Executors$RunnableAdapter.call(Executors.java:511)
	at java.util.concurrent.FutureTask.runAndReset$$$capture(FutureTask.java:308)
	at java.util.concurrent.FutureTask.runAndReset(FutureTask.java)
	at java.util.concurrent.ScheduledThreadPoolExecutor$ScheduledFutureTask.access$301(ScheduledThreadPoolExecutor.java:180)
	at java.util.concurrent.ScheduledThreadPoolExecutor$ScheduledFutureTask.run(ScheduledThreadPoolExecutor.java:294)
	at java.util.concurrent.ThreadPoolExecutor.runWorker(ThreadPoolExecutor.java:1149)
	at java.util.concurrent.ThreadPoolExecutor$Worker.run(ThreadPoolExecutor.java:624)
	at java.lang.Thread.run(Thread.java:748)
2019-05-27 19:49:03,390 ERROR [FutureTaskUtil#51] [RpcTaskScannerThread] Future task has not completed!
com.alipay.remoting.util.FutureTaskNotCompleted: null
	at com.alipay.remoting.util.RunStateRecordedFutureTask.getAfterRun(RunStateRecordedFutureTask.java:48)
	at com.alipay.remoting.util.FutureTaskUtil.getFutureTaskResult(FutureTaskUtil.java:43)
	at com.alipay.remoting.DefaultConnectionManager.getConnectionPool(DefaultConnectionManager.java:563)
	at com.alipay.remoting.DefaultConnectionManager.scan(DefaultConnectionManager.java:439)
	at com.alipay.remoting.rpc.RpcTaskScanner$2.run(RpcTaskScanner.java:60)
	at java.util.concurrent.Executors$RunnableAdapter.call(Executors.java:511)
	at java.util.concurrent.FutureTask.runAndReset$$$capture(FutureTask.java:308)
	at java.util.concurrent.FutureTask.runAndReset(FutureTask.java)
	at java.util.concurrent.ScheduledThreadPoolExecutor$ScheduledFutureTask.access$301(ScheduledThreadPoolExecutor.java:180)
	at java.util.concurrent.ScheduledThreadPoolExecutor$ScheduledFutureTask.run(ScheduledThreadPoolExecutor.java:294)
	at java.util.concurrent.ThreadPoolExecutor.runWorker(ThreadPoolExecutor.java:1149)
	at java.util.concurrent.ThreadPoolExecutor$Worker.run(ThreadPoolExecutor.java:624)
	at java.lang.Thread.run(Thread.java:748)
2019-05-27 19:49:13,392 ERROR [FutureTaskUtil#51] [RpcTaskScannerThread] Future task has not completed!
com.alipay.remoting.util.FutureTaskNotCompleted: null
	at com.alipay.remoting.util.RunStateRecordedFutureTask.getAfterRun(RunStateRecordedFutureTask.java:48)
	at com.alipay.remoting.util.FutureTaskUtil.getFutureTaskResult(FutureTaskUtil.java:43)
	at com.alipay.remoting.DefaultConnectionManager.getConnectionPool(DefaultConnectionManager.java:563)
	at com.alipay.remoting.DefaultConnectionManager.scan(DefaultConnectionManager.java:439)
	at com.alipay.remoting.rpc.RpcTaskScanner$2.run(RpcTaskScanner.java:60)
	at java.util.concurrent.Executors$RunnableAdapter.call(Executors.java:511)
	at java.util.concurrent.FutureTask.runAndReset$$$capture(FutureTask.java:308)
	at java.util.concurrent.FutureTask.runAndReset(FutureTask.java)
	at java.util.concurrent.ScheduledThreadPoolExecutor$ScheduledFutureTask.access$301(ScheduledThreadPoolExecutor.java:180)
	at java.util.concurrent.ScheduledThreadPoolExecutor$ScheduledFutureTask.run(ScheduledThreadPoolExecutor.java:294)
	at java.util.concurrent.ThreadPoolExecutor.runWorker(ThreadPoolExecutor.java:1149)
	at java.util.concurrent.ThreadPoolExecutor$Worker.run(ThreadPoolExecutor.java:624)
	at java.lang.Thread.run(Thread.java:748)
2019-05-27 19:49:23,395 ERROR [FutureTaskUtil#51] [RpcTaskScannerThread] Future task has not completed!
com.alipay.remoting.util.FutureTaskNotCompleted: null
	at com.alipay.remoting.util.RunStateRecordedFutureTask.getAfterRun(RunStateRecordedFutureTask.java:48)
	at com.alipay.remoting.util.FutureTaskUtil.getFutureTaskResult(FutureTaskUtil.java:43)
	at com.alipay.remoting.DefaultConnectionManager.getConnectionPool(DefaultConnectionManager.java:563)
	at com.alipay.remoting.DefaultConnectionManager.scan(DefaultConnectionManager.java:439)
	at com.alipay.remoting.rpc.RpcTaskScanner$2.run(RpcTaskScanner.java:60)
	at java.util.concurrent.Executors$RunnableAdapter.call(Executors.java:511)
	at java.util.concurrent.FutureTask.runAndReset$$$capture(FutureTask.java:308)
	at java.util.concurrent.FutureTask.runAndReset(FutureTask.java)
	at java.util.concurrent.ScheduledThreadPoolExecutor$ScheduledFutureTask.access$301(ScheduledThreadPoolExecutor.java:180)
	at java.util.concurrent.ScheduledThreadPoolExecutor$ScheduledFutureTask.run(ScheduledThreadPoolExecutor.java:294)
	at java.util.concurrent.ThreadPoolExecutor.runWorker(ThreadPoolExecutor.java:1149)
	at java.util.concurrent.ThreadPoolExecutor$Worker.run(ThreadPoolExecutor.java:624)
	at java.lang.Thread.run(Thread.java:748)
2019-05-27 19:49:35,812 ERROR [FutureTaskUtil#51] [RpcTaskScannerThread] Future task has not completed!
com.alipay.remoting.util.FutureTaskNotCompleted: null
	at com.alipay.remoting.util.RunStateRecordedFutureTask.getAfterRun(RunStateRecordedFutureTask.java:48)
	at com.alipay.remoting.util.FutureTaskUtil.getFutureTaskResult(FutureTaskUtil.java:43)
	at com.alipay.remoting.DefaultConnectionManager.getConnectionPool(DefaultConnectionManager.java:563)
	at com.alipay.remoting.DefaultConnectionManager.scan(DefaultConnectionManager.java:439)
	at com.alipay.remoting.rpc.RpcTaskScanner$2.run(RpcTaskScanner.java:60)
	at java.util.concurrent.Executors$RunnableAdapter.call(Executors.java:511)
	at java.util.concurrent.FutureTask.runAndReset$$$capture(FutureTask.java:308)
	at java.util.concurrent.FutureTask.runAndReset(FutureTask.java)
	at java.util.concurrent.ScheduledThreadPoolExecutor$ScheduledFutureTask.access$301(ScheduledThreadPoolExecutor.java:180)
	at java.util.concurrent.ScheduledThreadPoolExecutor$ScheduledFutureTask.run(ScheduledThreadPoolExecutor.java:294)
	at java.util.concurrent.ThreadPoolExecutor.runWorker(ThreadPoolExecutor.java:1149)
	at java.util.concurrent.ThreadPoolExecutor$Worker.run(ThreadPoolExecutor.java:624)
	at java.lang.Thread.run(Thread.java:748)
2019-05-27 19:49:45,814 ERROR [FutureTaskUtil#51] [RpcTaskScannerThread] Future task has not completed!
com.alipay.remoting.util.FutureTaskNotCompleted: null
	at com.alipay.remoting.util.RunStateRecordedFutureTask.getAfterRun(RunStateRecordedFutureTask.java:48)
	at com.alipay.remoting.util.FutureTaskUtil.getFutureTaskResult(FutureTaskUtil.java:43)
	at com.alipay.remoting.DefaultConnectionManager.getConnectionPool(DefaultConnectionManager.java:563)
	at com.alipay.remoting.DefaultConnectionManager.scan(DefaultConnectionManager.java:439)
	at com.alipay.remoting.rpc.RpcTaskScanner$2.run(RpcTaskScanner.java:60)
	at java.util.concurrent.Executors$RunnableAdapter.call(Executors.java:511)
	at java.util.concurrent.FutureTask.runAndReset$$$capture(FutureTask.java:308)
	at java.util.concurrent.FutureTask.runAndReset(FutureTask.java)
	at java.util.concurrent.ScheduledThreadPoolExecutor$ScheduledFutureTask.access$301(ScheduledThreadPoolExecutor.java:180)
	at java.util.concurrent.ScheduledThreadPoolExecutor$ScheduledFutureTask.run(ScheduledThreadPoolExecutor.java:294)
	at java.util.concurrent.ThreadPoolExecutor.runWorker(ThreadPoolExecutor.java:1149)
	at java.util.concurrent.ThreadPoolExecutor$Worker.run(ThreadPoolExecutor.java:624)
	at java.lang.Thread.run(Thread.java:748)
2019-05-27 19:49:55,818 ERROR [FutureTaskUtil#51] [RpcTaskScannerThread] Future task has not completed!
com.alipay.remoting.util.FutureTaskNotCompleted: null
	at com.alipay.remoting.util.RunStateRecordedFutureTask.getAfterRun(RunStateRecordedFutureTask.java:48)
	at com.alipay.remoting.util.FutureTaskUtil.getFutureTaskResult(FutureTaskUtil.java:43)
	at com.alipay.remoting.DefaultConnectionManager.getConnectionPool(DefaultConnectionManager.java:563)
	at com.alipay.remoting.DefaultConnectionManager.scan(DefaultConnectionManager.java:439)
	at com.alipay.remoting.rpc.RpcTaskScanner$2.run(RpcTaskScanner.java:60)
	at java.util.concurrent.Executors$RunnableAdapter.call(Executors.java:511)
	at java.util.concurrent.FutureTask.runAndReset$$$capture(FutureTask.java:308)
	at java.util.concurrent.FutureTask.runAndReset(FutureTask.java)
	at java.util.concurrent.ScheduledThreadPoolExecutor$ScheduledFutureTask.access$301(ScheduledThreadPoolExecutor.java:180)
	at java.util.concurrent.ScheduledThreadPoolExecutor$ScheduledFutureTask.run(ScheduledThreadPoolExecutor.java:294)
	at java.util.concurrent.ThreadPoolExecutor.runWorker(ThreadPoolExecutor.java:1149)
	at java.util.concurrent.ThreadPoolExecutor$Worker.run(ThreadPoolExecutor.java:624)
	at java.lang.Thread.run(Thread.java:748)
2019-05-27 19:50:03,403 ERROR [FutureTaskUtil#51] [RpcTaskScannerThread] Future task has not completed!
com.alipay.remoting.util.FutureTaskNotCompleted: null
	at com.alipay.remoting.util.RunStateRecordedFutureTask.getAfterRun(RunStateRecordedFutureTask.java:48)
	at com.alipay.remoting.util.FutureTaskUtil.getFutureTaskResult(FutureTaskUtil.java:43)
	at com.alipay.remoting.DefaultConnectionManager.getConnectionPool(DefaultConnectionManager.java:563)
	at com.alipay.remoting.DefaultConnectionManager.scan(DefaultConnectionManager.java:439)
	at com.alipay.remoting.rpc.RpcTaskScanner$2.run(RpcTaskScanner.java:60)
	at java.util.concurrent.Executors$RunnableAdapter.call(Executors.java:511)
	at java.util.concurrent.FutureTask.runAndReset$$$capture(FutureTask.java:308)
	at java.util.concurrent.FutureTask.runAndReset(FutureTask.java)
	at java.util.concurrent.ScheduledThreadPoolExecutor$ScheduledFutureTask.access$301(ScheduledThreadPoolExecutor.java:180)
	at java.util.concurrent.ScheduledThreadPoolExecutor$ScheduledFutureTask.run(ScheduledThreadPoolExecutor.java:294)
	at java.util.concurrent.ThreadPoolExecutor.runWorker(ThreadPoolExecutor.java:1149)
	at java.util.concurrent.ThreadPoolExecutor$Worker.run(ThreadPoolExecutor.java:624)
	at java.lang.Thread.run(Thread.java:748)
