2019-05-27 19:30:02,919 INFO  main                             - SOFABoot Runtime Starting!
2019-05-27 19:30:04,168 INFO  main                             - Registering component: service:io.sofastack.service.facade.HelloService
2019-05-27 19:30:04,168 INFO  main                             -  <<PreOut Binding [bolt] Begins - io.sofastack.service.facade.HelloService.
2019-05-27 19:30:04,266 INFO  main                             -  <<PreOut Binding [bolt] Ends - io.sofastack.service.facade.HelloService.
2019-05-27 19:30:04,266 INFO  main                             -  <<Out Binding [bolt] Begins - io.sofastack.service.facade.HelloService.
2019-05-27 19:30:04,298 INFO  main                             -  <<Out Binding [bolt] Ends - io.sofastack.service.facade.HelloService.
2019-05-27 19:30:04,298 INFO  main                             - Register Service - io.sofastack.service.facade.HelloService
2019-05-27 19:32:05,321 INFO  main                             - SOFABoot Runtime Starting!
2019-05-27 19:32:06,368 INFO  main                             - Registering component: service:io.sofastack.service.facade.HelloService
2019-05-27 19:32:06,368 INFO  main                             -  <<PreOut Binding [bolt] Begins - io.sofastack.service.facade.HelloService.
2019-05-27 19:32:06,439 INFO  main                             -  <<PreOut Binding [bolt] Ends - io.sofastack.service.facade.HelloService.
2019-05-27 19:32:06,439 INFO  main                             -  <<Out Binding [bolt] Begins - io.sofastack.service.facade.HelloService.
2019-05-27 19:32:06,467 INFO  main                             -  <<Out Binding [bolt] Ends - io.sofastack.service.facade.HelloService.
2019-05-27 19:32:06,467 INFO  main                             - Register Service - io.sofastack.service.facade.HelloService
2019-05-27 19:35:31,678 INFO  main                             - SOFABoot Runtime Starting!
2019-05-27 19:35:32,352 INFO  main                             - Registering component: reference:io.sofastack.service.facade.HelloService:#-1432058910
2019-05-27 19:35:32,352 INFO  main                             -  >>In Binding [bolt] Begins - io.sofastack.service.facade.HelloService.
2019-05-27 19:36:02,837 INFO  main                             -  >>In Binding [bolt] Ends - io.sofastack.service.facade.HelloService.
2019-05-27 19:36:02,838 INFO  main                             -  >>In Binding [jvm] Begins - io.sofastack.service.facade.HelloService.
2019-05-27 19:36:02,840 INFO  main                             -  >>In Binding [jvm] Ends - io.sofastack.service.facade.HelloService.
2019-05-27 19:37:50,240 INFO  main                             - SOFABoot Runtime Starting!
2019-05-27 19:37:50,949 INFO  main                             - Registering component: reference:io.sofastack.service.facade.HelloService:#-301604214
2019-05-27 19:37:50,950 INFO  main                             -  >>In Binding [bolt] Begins - io.sofastack.service.facade.HelloService.
2019-05-27 19:38:21,605 INFO  main                             -  >>In Binding [bolt] Ends - io.sofastack.service.facade.HelloService.
2019-05-27 19:38:21,605 INFO  main                             -  >>In Binding [jvm] Begins - io.sofastack.service.facade.HelloService.
2019-05-27 19:38:21,607 INFO  main                             -  >>In Binding [jvm] Ends - io.sofastack.service.facade.HelloService.
2019-05-27 19:40:35,136 INFO  main                             - SOFABoot Runtime Starting!
2019-05-27 19:40:36,604 INFO  main                             - Registering component: reference:io.sofastack.service.facade.HelloService:#1610385514
2019-05-27 19:40:36,605 INFO  main                             -  >>In Binding [bolt] Begins - io.sofastack.service.facade.HelloService.
2019-05-27 19:41:07,064 INFO  main                             -  >>In Binding [bolt] Ends - io.sofastack.service.facade.HelloService.
2019-05-27 19:41:07,064 INFO  main                             -  >>In Binding [jvm] Begins - io.sofastack.service.facade.HelloService.
2019-05-27 19:41:07,067 INFO  main                             -  >>In Binding [jvm] Ends - io.sofastack.service.facade.HelloService.
2019-05-27 19:42:11,909 INFO  main                             - SOFABoot Runtime Starting!
2019-05-27 19:42:12,896 INFO  main                             - Registering component: service:io.sofastack.service.facade.HelloService
2019-05-27 19:42:12,896 INFO  main                             -  <<PreOut Binding [bolt] Begins - io.sofastack.service.facade.HelloService.
2019-05-27 19:42:12,957 INFO  main                             -  <<PreOut Binding [bolt] Ends - io.sofastack.service.facade.HelloService.
2019-05-27 19:42:12,958 INFO  main                             -  <<Out Binding [bolt] Begins - io.sofastack.service.facade.HelloService.
2019-05-27 19:42:12,982 INFO  main                             -  <<Out Binding [bolt] Ends - io.sofastack.service.facade.HelloService.
2019-05-27 19:42:12,982 INFO  main                             - Register Service - io.sofastack.service.facade.HelloService
2019-05-27 19:43:54,058 INFO  main                             - SOFABoot Runtime Starting!
2019-05-27 19:43:55,363 INFO  main                             - Registering component: reference:io.sofastack.service.facade.HelloService:#-1705483263
2019-05-27 19:43:55,363 INFO  main                             -  >>In Binding [bolt] Begins - io.sofastack.service.facade.HelloService.
2019-05-27 19:44:25,785 INFO  main                             -  >>In Binding [bolt] Ends - io.sofastack.service.facade.HelloService.
2019-05-27 19:44:25,785 INFO  main                             -  >>In Binding [jvm] Begins - io.sofastack.service.facade.HelloService.
2019-05-27 19:44:25,787 INFO  main                             -  >>In Binding [jvm] Ends - io.sofastack.service.facade.HelloService.
2019-05-27 19:51:47,354 INFO  main                             - SOFABoot Runtime Starting!
2019-05-27 19:51:48,814 INFO  main                             - Registering component: reference:io.sofastack.service.facade.HelloService:#836301183
2019-05-27 19:51:48,814 INFO  main                             -  >>In Binding [bolt] Begins - io.sofastack.service.facade.HelloService.
2019-05-27 19:51:49,633 INFO  main                             -  >>In Binding [bolt] Ends - io.sofastack.service.facade.HelloService.
2019-05-27 19:51:49,633 INFO  main                             -  >>In Binding [jvm] Begins - io.sofastack.service.facade.HelloService.
2019-05-27 19:51:49,635 INFO  main                             -  >>In Binding [jvm] Ends - io.sofastack.service.facade.HelloService.
2019-05-27 19:51:58,514 INFO  main                             - SOFABoot Runtime Starting!
2019-05-27 19:51:59,901 INFO  main                             - Registering component: reference:io.sofastack.service.facade.HelloService:#-1838679428
2019-05-27 19:51:59,902 INFO  main                             -  >>In Binding [bolt] Begins - io.sofastack.service.facade.HelloService.
2019-05-27 19:52:00,709 INFO  main                             -  >>In Binding [bolt] Ends - io.sofastack.service.facade.HelloService.
2019-05-27 19:52:00,709 INFO  main                             -  >>In Binding [jvm] Begins - io.sofastack.service.facade.HelloService.
2019-05-27 19:52:00,711 INFO  main                             -  >>In Binding [jvm] Ends - io.sofastack.service.facade.HelloService.
2019-05-27 19:52:06,317 INFO  main                             - SOFABoot Runtime Starting!
2019-05-27 19:52:07,303 INFO  main                             - Registering component: service:io.sofastack.service.facade.HelloService
2019-05-27 19:52:07,303 INFO  main                             -  <<PreOut Binding [bolt] Begins - io.sofastack.service.facade.HelloService.
2019-05-27 19:52:07,367 INFO  main                             -  <<PreOut Binding [bolt] Ends - io.sofastack.service.facade.HelloService.
2019-05-27 19:52:07,367 INFO  main                             -  <<Out Binding [bolt] Begins - io.sofastack.service.facade.HelloService.
2019-05-27 19:52:07,392 INFO  main                             -  <<Out Binding [bolt] Ends - io.sofastack.service.facade.HelloService.
2019-05-27 19:52:07,392 INFO  main                             - Register Service - io.sofastack.service.facade.HelloService
